<?xml version="1.0" encoding="UTF-8"?>
<coverage generated="1778434908724" clover="3.2.0">
  <project timestamp="1778434908724" name="All files">
    <metrics statements="488" coveredstatements="469" conditionals="300" coveredconditionals="277" methods="87" coveredmethods="82" elements="875" coveredelements="828" complexity="0" loc="488" ncloc="488" packages="4" files="14" classes="14"/>
    <package name="src">
      <metrics statements="18" coveredstatements="12" conditionals="4" coveredconditionals="2" methods="3" coveredmethods="2"/>
      <file name="app.js" path="/Users/hemantkumar/code/tekion/src/app.js">
        <metrics statements="12" coveredstatements="12" conditionals="2" coveredconditionals="2" methods="2" coveredmethods="2"/>
        <line num="1" count="1" type="stmt"/>
        <line num="2" count="1" type="stmt"/>
        <line num="4" count="1" type="stmt"/>
        <line num="6" count="1" type="stmt"/>
        <line num="9" count="1" type="stmt"/>
        <line num="12" count="1" type="stmt"/>
        <line num="23" count="1" type="stmt"/>
        <line num="26" count="1" type="stmt"/>
        <line num="27" count="1" type="stmt"/>
        <line num="31" count="1" type="stmt"/>
        <line num="32" count="1" type="stmt"/>
        <line num="45" count="1" type="stmt"/>
      </file>
      <file name="server.js" path="/Users/hemantkumar/code/tekion/src/server.js">
        <metrics statements="6" coveredstatements="0" conditionals="2" coveredconditionals="0" methods="1" coveredmethods="0"/>
        <line num="1" count="0" type="stmt"/>
        <line num="3" count="0" type="cond" truecount="0" falsecount="2"/>
        <line num="5" count="0" type="stmt"/>
        <line num="6" count="0" type="stmt"/>
        <line num="7" count="0" type="stmt"/>
        <line num="8" count="0" type="stmt"/>
      </file>
    </package>
    <package name="src.engine">
      <metrics statements="282" coveredstatements="277" conditionals="178" coveredconditionals="162" methods="44" coveredmethods="44"/>
      <file name="Board.js" path="/Users/hemantkumar/code/tekion/src/engine/Board.js">
        <metrics statements="98" coveredstatements="97" conditionals="49" coveredconditionals="46" methods="19" coveredmethods="19"/>
        <line num="1" count="5" type="stmt"/>
        <line num="2" count="5" type="stmt"/>
        <line num="3" count="5" type="stmt"/>
        <line num="4" count="5" type="stmt"/>
        <line num="5" count="5" type="stmt"/>
        <line num="6" count="5" type="stmt"/>
        <line num="7" count="5" type="stmt"/>
        <line num="18" count="344" type="stmt"/>
        <line num="19" count="344" type="stmt"/>
        <line num="20" count="2752" type="stmt"/>
        <line num="30" count="107" type="cond" truecount="4" falsecount="0"/>
        <line num="31" count="1" type="stmt"/>
        <line num="33" count="106" type="cond" truecount="4" falsecount="0"/>
        <line num="34" count="1" type="stmt"/>
        <line num="36" count="105" type="cond" truecount="4" falsecount="0"/>
        <line num="37" count="3" type="stmt"/>
        <line num="43" count="102" type="stmt"/>
        <line num="51" count="49" type="stmt"/>
        <line num="52" count="49" type="cond" truecount="1" falsecount="1"/>
        <line num="53" count="0" type="stmt"/>
        <line num="57" count="49" type="stmt"/>
        <line num="58" count="49" type="stmt"/>
        <line num="59" count="49" type="stmt"/>
        <line num="60" count="49" type="stmt"/>
        <line num="61" count="49" type="stmt"/>
        <line num="62" count="49" type="stmt"/>
        <line num="63" count="49" type="stmt"/>
        <line num="64" count="49" type="stmt"/>
        <line num="67" count="49" type="stmt"/>
        <line num="68" count="392" type="stmt"/>
        <line num="72" count="49" type="stmt"/>
        <line num="73" count="392" type="stmt"/>
        <line num="77" count="49" type="stmt"/>
        <line num="78" count="49" type="stmt"/>
        <line num="79" count="49" type="stmt"/>
        <line num="80" count="49" type="stmt"/>
        <line num="81" count="49" type="stmt"/>
        <line num="82" count="49" type="stmt"/>
        <line num="83" count="49" type="stmt"/>
        <line num="84" count="49" type="stmt"/>
        <line num="91" count="37873" type="cond" truecount="4" falsecount="0"/>
        <line num="99" count="17184" type="cond" truecount="1" falsecount="1"/>
        <line num="100" count="17184" type="stmt"/>
        <line num="107" count="379" type="stmt"/>
        <line num="108" count="379" type="cond" truecount="1" falsecount="1"/>
        <line num="110" count="379" type="stmt"/>
        <line num="111" count="379" type="stmt"/>
        <line num="121" count="270" type="stmt"/>
        <line num="122" count="270" type="stmt"/>
        <line num="123" count="270" type="stmt"/>
        <line num="132" count="275" type="stmt"/>
        <line num="133" count="1470" type="stmt"/>
        <line num="134" count="10943" type="stmt"/>
        <line num="135" count="10943" type="cond" truecount="5" falsecount="0"/>
        <line num="136" count="274" type="stmt"/>
        <line num="140" count="1" type="stmt"/>
        <line num="149" count="314" type="stmt"/>
        <line num="150" count="314" type="stmt"/>
        <line num="151" count="2512" type="stmt"/>
        <line num="152" count="20096" type="stmt"/>
        <line num="153" count="20096" type="cond" truecount="4" falsecount="0"/>
        <line num="154" count="4077" type="stmt"/>
        <line num="158" count="314" type="stmt"/>
        <line num="166" count="224" type="stmt"/>
        <line num="167" count="224" type="stmt"/>
        <line num="168" count="1792" type="stmt"/>
        <line num="169" count="14336" type="stmt"/>
        <line num="170" count="14336" type="cond" truecount="2" falsecount="0"/>
        <line num="171" count="5853" type="stmt"/>
        <line num="172" count="5853" type="stmt"/>
        <line num="173" count="5853" type="stmt"/>
        <line num="177" count="224" type="stmt"/>
        <line num="184" count="1216" type="cond" truecount="2" falsecount="0"/>
        <line num="185" count="19" type="stmt"/>
        <line num="194" count="13" type="stmt"/>
        <line num="195" count="13" type="stmt"/>
        <line num="196" count="104" type="stmt"/>
        <line num="197" count="832" type="stmt"/>
        <line num="198" count="832" type="cond" truecount="2" falsecount="0"/>
        <line num="199" count="416" type="stmt"/>
        <line num="203" count="13" type="stmt"/>
        <line num="210" count="660" type="stmt"/>
        <line num="211" count="660" type="stmt"/>
        <line num="212" count="660" type="stmt"/>
        <line num="219" count="14" type="cond" truecount="4" falsecount="0"/>
        <line num="220" count="12" type="stmt"/>
        <line num="221" count="12" type="stmt"/>
        <line num="222" count="12" type="cond" truecount="6" falsecount="0"/>
        <line num="223" count="9" type="stmt"/>
        <line num="230" count="19" type="stmt"/>
        <line num="231" count="19" type="stmt"/>
        <line num="232" count="19" type="stmt"/>
        <line num="233" count="152" type="stmt"/>
        <line num="234" count="1216" type="cond" truecount="2" falsecount="0"/>
        <line num="235" count="152" type="stmt"/>
        <line num="237" count="19" type="stmt"/>
        <line num="238" count="19" type="stmt"/>
        <line num="242" count="5" type="stmt"/>
      </file>
      <file name="Game.js" path="/Users/hemantkumar/code/tekion/src/engine/Game.js">
        <metrics statements="131" coveredstatements="127" conditionals="85" coveredconditionals="76" methods="17" coveredmethods="17"/>
        <line num="1" count="2" type="stmt"/>
        <line num="2" count="2" type="stmt"/>
        <line num="3" count="2" type="stmt"/>
        <line num="15" count="39" type="stmt"/>
        <line num="16" count="39" type="cond" truecount="2" falsecount="0"/>
        <line num="17" count="1" type="stmt"/>
        <line num="20" count="38" type="stmt"/>
        <line num="21" count="38" type="stmt"/>
        <line num="22" count="38" type="stmt"/>
        <line num="23" count="38" type="stmt"/>
        <line num="24" count="38" type="stmt"/>
        <line num="25" count="38" type="stmt"/>
        <line num="26" count="38" type="stmt"/>
        <line num="27" count="38" type="stmt"/>
        <line num="34" count="35" type="cond" truecount="2" falsecount="0"/>
        <line num="41" count="4" type="stmt"/>
        <line num="42" count="4" type="cond" truecount="1" falsecount="1"/>
        <line num="43" count="4" type="cond" truecount="2" falsecount="0"/>
        <line num="45" count="3" type="stmt"/>
        <line num="59" count="38" type="cond" truecount="4" falsecount="0"/>
        <line num="60" count="1" type="stmt"/>
        <line num="64" count="37" type="cond" truecount="4" falsecount="0"/>
        <line num="65" count="1" type="stmt"/>
        <line num="69" count="36" type="stmt"/>
        <line num="70" count="36" type="cond" truecount="2" falsecount="0"/>
        <line num="71" count="1" type="stmt"/>
        <line num="75" count="35" type="cond" truecount="2" falsecount="0"/>
        <line num="76" count="1" type="stmt"/>
        <line num="80" count="34" type="stmt"/>
        <line num="86" count="67" type="cond" truecount="2" falsecount="0"/>
        <line num="87" count="34" type="cond" truecount="2" falsecount="0"/>
        <line num="88" count="2" type="stmt"/>
        <line num="92" count="32" type="stmt"/>
        <line num="93" count="32" type="cond" truecount="1" falsecount="1"/>
        <line num="94" count="0" type="stmt"/>
        <line num="98" count="32" type="stmt"/>
        <line num="101" count="32" type="stmt"/>
        <line num="104" count="32" type="stmt"/>
        <line num="106" count="32" type="stmt"/>
        <line num="114" count="32" type="stmt"/>
        <line num="115" count="32" type="stmt"/>
        <line num="116" count="32" type="stmt"/>
        <line num="126" count="32" type="cond" truecount="4" falsecount="0"/>
        <line num="127" count="2" type="stmt"/>
        <line num="128" count="2" type="cond" truecount="2" falsecount="0"/>
        <line num="129" count="30" type="cond" truecount="2" falsecount="0"/>
        <line num="135" count="1" type="stmt"/>
        <line num="136" count="1" type="stmt"/>
        <line num="137" count="1" type="cond" truecount="1" falsecount="1"/>
        <line num="143" count="29" type="cond" truecount="2" falsecount="0"/>
        <line num="144" count="1" type="stmt"/>
        <line num="146" count="29" type="stmt"/>
        <line num="147" count="29" type="stmt"/>
        <line num="148" count="29" type="stmt"/>
        <line num="152" count="32" type="stmt"/>
        <line num="155" count="32" type="cond" truecount="2" falsecount="0"/>
        <line num="156" count="27" type="cond" truecount="2" falsecount="0"/>
        <line num="157" count="27" type="cond" truecount="2" falsecount="0"/>
        <line num="158" count="2" type="stmt"/>
        <line num="159" count="2" type="stmt"/>
        <line num="160" count="2" type="stmt"/>
        <line num="164" count="32" type="stmt"/>
        <line num="165" count="32" type="stmt"/>
        <line num="173" count="2" type="stmt"/>
        <line num="175" count="2" type="cond" truecount="2" falsecount="0"/>
        <line num="177" count="1" type="stmt"/>
        <line num="178" count="1" type="stmt"/>
        <line num="179" count="1" type="stmt"/>
        <line num="180" count="1" type="stmt"/>
        <line num="181" count="1" type="stmt"/>
        <line num="182" count="1" type="stmt"/>
        <line num="183" count="1" type="stmt"/>
        <line num="186" count="1" type="stmt"/>
        <line num="187" count="1" type="stmt"/>
        <line num="188" count="1" type="stmt"/>
        <line num="189" count="1" type="stmt"/>
        <line num="190" count="1" type="stmt"/>
        <line num="191" count="1" type="stmt"/>
        <line num="192" count="1" type="stmt"/>
        <line num="201" count="1" type="stmt"/>
        <line num="202" count="1" type="stmt"/>
        <line num="204" count="1" type="cond" truecount="1" falsecount="1"/>
        <line num="205" count="1" type="stmt"/>
        <line num="208" count="1" type="stmt"/>
        <line num="209" count="1" type="stmt"/>
        <line num="210" count="1" type="stmt"/>
        <line num="211" count="1" type="stmt"/>
        <line num="219" count="2" type="stmt"/>
        <line num="220" count="2" type="stmt"/>
        <line num="221" count="2" type="stmt"/>
        <line num="229" count="32" type="cond" truecount="4" falsecount="0"/>
        <line num="231" count="20" type="stmt"/>
        <line num="232" count="20" type="stmt"/>
        <line num="234" count="12" type="stmt"/>
        <line num="243" count="32" type="stmt"/>
        <line num="244" count="32" type="stmt"/>
        <line num="250" count="32" type="cond" truecount="4" falsecount="0"/>
        <line num="251" count="2" type="stmt"/>
        <line num="252" count="2" type="stmt"/>
        <line num="253" count="30" type="cond" truecount="3" falsecount="1"/>
        <line num="254" count="0" type="stmt"/>
        <line num="255" count="0" type="stmt"/>
        <line num="256" count="30" type="cond" truecount="1" falsecount="1"/>
        <line num="257" count="0" type="stmt"/>
        <line num="259" count="30" type="stmt"/>
        <line num="268" count="32" type="stmt"/>
        <line num="269" count="32" type="stmt"/>
        <line num="270" count="32" type="stmt"/>
        <line num="277" count="18" type="stmt"/>
        <line num="282" count="2" type="stmt"/>
        <line num="303" count="18" type="stmt"/>
        <line num="304" count="18" type="stmt"/>
        <line num="305" count="144" type="stmt"/>
        <line num="306" count="144" type="stmt"/>
        <line num="307" count="1152" type="stmt"/>
        <line num="308" count="1152" type="cond" truecount="2" falsecount="0"/>
        <line num="309" count="576" type="stmt"/>
        <line num="316" count="576" type="stmt"/>
        <line num="319" count="144" type="stmt"/>
        <line num="321" count="18" type="stmt"/>
        <line num="328" count="18" type="stmt"/>
        <line num="345" count="12" type="stmt"/>
        <line num="346" count="12" type="stmt"/>
        <line num="347" count="12" type="stmt"/>
        <line num="348" count="12" type="stmt"/>
        <line num="349" count="12" type="stmt"/>
        <line num="350" count="12" type="cond" truecount="1" falsecount="1"/>
        <line num="351" count="12" type="cond" truecount="2" falsecount="0"/>
        <line num="352" count="12" type="cond" truecount="1" falsecount="1"/>
        <line num="353" count="12" type="stmt"/>
        <line num="357" count="2" type="stmt"/>
      </file>
      <file name="MoveValidator.js" path="/Users/hemantkumar/code/tekion/src/engine/MoveValidator.js">
        <metrics statements="53" coveredstatements="53" conditionals="44" coveredconditionals="40" methods="8" coveredmethods="8"/>
        <line num="12" count="272" type="stmt"/>
        <line num="13" count="272" type="cond" truecount="1" falsecount="1"/>
        <line num="15" count="272" type="cond" truecount="2" falsecount="0"/>
        <line num="16" count="272" type="stmt"/>
        <line num="18" count="272" type="stmt"/>
        <line num="19" count="3509" type="stmt"/>
        <line num="20" count="3509" type="stmt"/>
        <line num="21" count="6713" type="cond" truecount="4" falsecount="0"/>
        <line num="22" count="75" type="stmt"/>
        <line num="27" count="197" type="stmt"/>
        <line num="39" count="6" type="stmt"/>
        <line num="40" count="6" type="stmt"/>
        <line num="41" count="37" type="stmt"/>
        <line num="42" count="37" type="stmt"/>
        <line num="43" count="78" type="cond" truecount="4" falsecount="0"/>
        <line num="44" count="2" type="stmt"/>
        <line num="48" count="4" type="stmt"/>
        <line num="63" count="222" type="stmt"/>
        <line num="64" count="222" type="cond" truecount="1" falsecount="1"/>
        <line num="66" count="222" type="stmt"/>
        <line num="67" count="222" type="stmt"/>
        <line num="70" count="222" type="cond" truecount="2" falsecount="0"/>
        <line num="77" count="2" type="stmt"/>
        <line num="81" count="222" type="stmt"/>
        <line num="82" count="222" type="stmt"/>
        <line num="84" count="222" type="stmt"/>
        <line num="98" count="130" type="stmt"/>
        <line num="99" count="130" type="cond" truecount="1" falsecount="1"/>
        <line num="101" count="130" type="stmt"/>
        <line num="102" count="130" type="stmt"/>
        <line num="104" count="130" type="stmt"/>
        <line num="106" count="222" type="cond" truecount="4" falsecount="0"/>
        <line num="107" count="5" type="cond" truecount="2" falsecount="0"/>
        <line num="108" count="2" type="stmt"/>
        <line num="113" count="220" type="cond" truecount="2" falsecount="0"/>
        <line num="121" count="156" type="stmt"/>
        <line num="125" count="130" type="stmt"/>
        <line num="139" count="5" type="cond" truecount="1" falsecount="1"/>
        <line num="142" count="5" type="cond" truecount="2" falsecount="0"/>
        <line num="143" count="1" type="stmt"/>
        <line num="147" count="4" type="cond" truecount="2" falsecount="0"/>
        <line num="148" count="4" type="stmt"/>
        <line num="150" count="4" type="cond" truecount="2" falsecount="0"/>
        <line num="151" count="1" type="stmt"/>
        <line num="155" count="3" type="stmt"/>
        <line num="166" count="36" type="stmt"/>
        <line num="167" count="36" type="stmt"/>
        <line num="168" count="88" type="stmt"/>
        <line num="174" count="88" type="cond" truecount="2" falsecount="0"/>
        <line num="176" count="4" type="stmt"/>
        <line num="188" count="3" type="stmt"/>
        <line num="203" count="3" type="stmt"/>
        <line num="210" count="3" type="stmt"/>
      </file>
    </package>
    <package name="src.engine.pieces">
      <metrics statements="119" coveredstatements="115" conditionals="79" coveredconditionals="77" methods="32" coveredmethods="28"/>
      <file name="Bishop.js" path="/Users/hemantkumar/code/tekion/src/engine/pieces/Bishop.js">
        <metrics statements="6" coveredstatements="6" conditionals="2" coveredconditionals="2" methods="4" coveredmethods="4"/>
        <line num="1" count="5" type="stmt"/>
        <line num="5" count="1366" type="stmt"/>
        <line num="9" count="148" type="cond" truecount="2" falsecount="0"/>
        <line num="13" count="437" type="stmt"/>
        <line num="17" count="1748" type="stmt"/>
        <line num="21" count="5" type="stmt"/>
      </file>
      <file name="King.js" path="/Users/hemantkumar/code/tekion/src/engine/pieces/King.js">
        <metrics statements="21" coveredstatements="21" conditionals="27" coveredconditionals="27" methods="3" coveredmethods="3"/>
        <line num="1" count="5" type="stmt"/>
        <line num="5" count="1095" type="stmt"/>
        <line num="9" count="74" type="cond" truecount="2" falsecount="0"/>
        <line num="13" count="285" type="stmt"/>
        <line num="14" count="285" type="stmt"/>
        <line num="21" count="285" type="stmt"/>
        <line num="22" count="2280" type="stmt"/>
        <line num="23" count="2280" type="stmt"/>
        <line num="24" count="2280" type="cond" truecount="2" falsecount="0"/>
        <line num="25" count="1353" type="stmt"/>
        <line num="26" count="1353" type="cond" truecount="4" falsecount="0"/>
        <line num="27" count="441" type="stmt"/>
        <line num="33" count="285" type="cond" truecount="2" falsecount="0"/>
        <line num="35" count="275" type="stmt"/>
        <line num="36" count="275" type="cond" truecount="2" falsecount="0"/>
        <line num="44" count="5" type="stmt"/>
        <line num="48" count="275" type="stmt"/>
        <line num="49" count="275" type="cond" truecount="2" falsecount="0"/>
        <line num="58" count="8" type="stmt"/>
        <line num="62" count="285" type="stmt"/>
        <line num="66" count="5" type="stmt"/>
      </file>
      <file name="Knight.js" path="/Users/hemantkumar/code/tekion/src/engine/pieces/Knight.js">
        <metrics statements="14" coveredstatements="14" conditionals="8" coveredconditionals="8" methods="3" coveredmethods="3"/>
        <line num="1" count="5" type="stmt"/>
        <line num="5" count="1401" type="stmt"/>
        <line num="9" count="148" type="cond" truecount="2" falsecount="0"/>
        <line num="13" count="460" type="stmt"/>
        <line num="14" count="460" type="stmt"/>
        <line num="19" count="460" type="stmt"/>
        <line num="20" count="3680" type="stmt"/>
        <line num="21" count="3680" type="stmt"/>
        <line num="23" count="3680" type="cond" truecount="2" falsecount="0"/>
        <line num="24" count="1411" type="stmt"/>
        <line num="25" count="1411" type="cond" truecount="4" falsecount="0"/>
        <line num="26" count="1064" type="stmt"/>
        <line num="31" count="460" type="stmt"/>
        <line num="35" count="5" type="stmt"/>
      </file>
      <file name="Pawn.js" path="/Users/hemantkumar/code/tekion/src/engine/pieces/Pawn.js">
        <metrics statements="26" coveredstatements="25" conditionals="28" coveredconditionals="26" methods="6" coveredmethods="5"/>
        <line num="1" count="5" type="stmt"/>
        <line num="5" count="5851" type="stmt"/>
        <line num="9" count="592" type="cond" truecount="2" falsecount="0"/>
        <line num="16" count="1791" type="cond" truecount="2" falsecount="0"/>
        <line num="23" count="1771" type="cond" truecount="2" falsecount="0"/>
        <line num="30" count="0" type="cond" truecount="0" falsecount="2"/>
        <line num="34" count="1791" type="stmt"/>
        <line num="35" count="1791" type="stmt"/>
        <line num="36" count="1791" type="stmt"/>
        <line num="37" count="1791" type="stmt"/>
        <line num="40" count="1791" type="cond" truecount="4" falsecount="0"/>
        <line num="41" count="1771" type="stmt"/>
        <line num="44" count="1771" type="stmt"/>
        <line num="45" count="1771" type="stmt"/>
        <line num="46" count="1771" type="cond" truecount="2" falsecount="0"/>
        <line num="51" count="1585" type="stmt"/>
        <line num="56" count="1791" type="stmt"/>
        <line num="57" count="3582" type="stmt"/>
        <line num="58" count="3582" type="cond" truecount="2" falsecount="0"/>
        <line num="59" count="3146" type="stmt"/>
        <line num="60" count="3146" type="cond" truecount="4" falsecount="0"/>
        <line num="61" count="91" type="stmt"/>
        <line num="65" count="3146" type="cond" truecount="2" falsecount="0"/>
        <line num="70" count="4" type="stmt"/>
        <line num="75" count="1791" type="stmt"/>
        <line num="79" count="5" type="stmt"/>
      </file>
      <file name="Piece.js" path="/Users/hemantkumar/code/tekion/src/engine/pieces/Piece.js">
        <metrics statements="22" coveredstatements="19" conditionals="4" coveredconditionals="4" methods="6" coveredmethods="3"/>
        <line num="12" count="7962" type="stmt"/>
        <line num="13" count="7962" type="stmt"/>
        <line num="14" count="7962" type="stmt"/>
        <line num="15" count="7962" type="stmt"/>
        <line num="23" count="0" type="stmt"/>
        <line num="31" count="0" type="stmt"/>
        <line num="42" count="0" type="stmt"/>
        <line num="54" count="5588" type="stmt"/>
        <line num="55" count="5588" type="stmt"/>
        <line num="56" count="5588" type="stmt"/>
        <line num="58" count="5588" type="stmt"/>
        <line num="59" count="4828" type="stmt"/>
        <line num="60" count="4828" type="cond" truecount="2" falsecount="0"/>
        <line num="61" count="2085" type="stmt"/>
        <line num="63" count="2743" type="cond" truecount="2" falsecount="0"/>
        <line num="64" count="210" type="stmt"/>
        <line num="66" count="2743" type="stmt"/>
        <line num="68" count="2085" type="stmt"/>
        <line num="69" count="2085" type="stmt"/>
        <line num="72" count="5588" type="stmt"/>
        <line num="80" count="643" type="stmt"/>
        <line num="90" count="5" type="stmt"/>
      </file>
      <file name="PieceFactory.js" path="/Users/hemantkumar/code/tekion/src/engine/pieces/PieceFactory.js">
        <metrics statements="18" coveredstatements="18" conditionals="6" coveredconditionals="6" methods="2" coveredmethods="2"/>
        <line num="1" count="5" type="stmt"/>
        <line num="2" count="5" type="stmt"/>
        <line num="3" count="5" type="stmt"/>
        <line num="4" count="5" type="stmt"/>
        <line num="5" count="5" type="stmt"/>
        <line num="6" count="5" type="stmt"/>
        <line num="8" count="5" type="stmt"/>
        <line num="28" count="418" type="stmt"/>
        <line num="29" count="418" type="cond" truecount="2" falsecount="0"/>
        <line num="30" count="1" type="stmt"/>
        <line num="32" count="417" type="stmt"/>
        <line num="33" count="417" type="cond" truecount="2" falsecount="0"/>
        <line num="34" count="417" type="stmt"/>
        <line num="46" count="5857" type="stmt"/>
        <line num="47" count="5857" type="cond" truecount="2" falsecount="0"/>
        <line num="48" count="1" type="stmt"/>
        <line num="50" count="5856" type="stmt"/>
        <line num="54" count="5" type="stmt"/>
      </file>
      <file name="Queen.js" path="/Users/hemantkumar/code/tekion/src/engine/pieces/Queen.js">
        <metrics statements="6" coveredstatements="6" conditionals="2" coveredconditionals="2" methods="4" coveredmethods="4"/>
        <line num="1" count="5" type="stmt"/>
        <line num="5" count="795" type="stmt"/>
        <line num="9" count="74" type="cond" truecount="2" falsecount="0"/>
        <line num="13" count="226" type="stmt"/>
        <line num="18" count="1808" type="stmt"/>
        <line num="22" count="5" type="stmt"/>
      </file>
      <file name="Rook.js" path="/Users/hemantkumar/code/tekion/src/engine/pieces/Rook.js">
        <metrics statements="6" coveredstatements="6" conditionals="2" coveredconditionals="2" methods="4" coveredmethods="4"/>
        <line num="1" count="5" type="stmt"/>
        <line num="5" count="1851" type="stmt"/>
        <line num="9" count="148" type="cond" truecount="2" falsecount="0"/>
        <line num="13" count="508" type="stmt"/>
        <line num="17" count="2032" type="stmt"/>
        <line num="21" count="5" type="stmt"/>
      </file>
    </package>
    <package name="src.routes">
      <metrics statements="69" coveredstatements="65" conditionals="39" coveredconditionals="36" methods="8" coveredmethods="8"/>
      <file name="gameRoutes.js" path="/Users/hemantkumar/code/tekion/src/routes/gameRoutes.js">
        <metrics statements="69" coveredstatements="65" conditionals="39" coveredconditionals="36" methods="8" coveredmethods="8"/>
        <line num="1" count="1" type="stmt"/>
        <line num="2" count="1" type="stmt"/>
        <line num="3" count="1" type="stmt"/>
        <line num="5" count="1" type="stmt"/>
        <line num="11" count="13" type="cond" truecount="2" falsecount="0"/>
        <line num="12" count="10" type="stmt"/>
        <line num="20" count="16" type="stmt"/>
        <line num="28" count="1" type="stmt"/>
        <line num="29" count="15" type="cond" truecount="2" falsecount="0"/>
        <line num="31" count="15" type="stmt"/>
        <line num="32" count="15" type="cond" truecount="2" falsecount="0"/>
        <line num="33" count="1" type="stmt"/>
        <line num="36" count="14" type="stmt"/>
        <line num="37" count="14" type="stmt"/>
        <line num="38" count="14" type="stmt"/>
        <line num="40" count="14" type="stmt"/>
        <line num="45" count="0" type="stmt"/>
        <line num="53" count="1" type="stmt"/>
        <line num="54" count="3" type="stmt"/>
        <line num="55" count="3" type="cond" truecount="2" falsecount="0"/>
        <line num="56" count="2" type="stmt"/>
        <line num="59" count="1" type="stmt"/>
        <line num="67" count="1" type="stmt"/>
        <line num="68" count="6" type="stmt"/>
        <line num="69" count="6" type="cond" truecount="2" falsecount="0"/>
        <line num="70" count="1" type="stmt"/>
        <line num="73" count="5" type="cond" truecount="1" falsecount="0"/>
        <line num="74" count="5" type="cond" truecount="4" falsecount="0"/>
        <line num="75" count="1" type="stmt"/>
        <line num="82" count="4" type="cond" truecount="2" falsecount="0"/>
        <line num="83" count="3" type="stmt"/>
        <line num="84" count="3" type="cond" truecount="2" falsecount="0"/>
        <line num="85" count="1" type="stmt"/>
        <line num="88" count="1" type="stmt"/>
        <line num="91" count="3" type="cond" truecount="2" falsecount="0"/>
        <line num="92" count="2" type="stmt"/>
        <line num="93" count="2" type="cond" truecount="1" falsecount="1"/>
        <line num="94" count="0" type="stmt"/>
        <line num="97" count="1" type="stmt"/>
        <line num="100" count="3" type="stmt"/>
        <line num="102" count="3" type="cond" truecount="2" falsecount="0"/>
        <line num="103" count="1" type="stmt"/>
        <line num="106" count="2" type="stmt"/>
        <line num="108" count="2" type="stmt"/>
        <line num="125" count="1" type="stmt"/>
        <line num="126" count="4" type="stmt"/>
        <line num="127" count="4" type="cond" truecount="1" falsecount="1"/>
        <line num="128" count="0" type="stmt"/>
        <line num="131" count="4" type="stmt"/>
        <line num="132" count="4" type="stmt"/>
        <line num="134" count="4" type="cond" truecount="2" falsecount="0"/>
        <line num="135" count="3" type="stmt"/>
        <line num="136" count="3" type="cond" truecount="2" falsecount="0"/>
        <line num="137" count="1" type="stmt"/>
        <line num="139" count="2" type="stmt"/>
        <line num="141" count="1" type="stmt"/>
        <line num="142" count="1" type="stmt"/>
        <line num="145" count="3" type="cond" truecount="3" falsecount="1"/>
        <line num="146" count="0" type="stmt"/>
        <line num="149" count="3" type="stmt"/>
        <line num="150" count="3" type="cond" truecount="2" falsecount="0"/>
        <line num="151" count="1" type="stmt"/>
        <line num="154" count="2" type="stmt"/>
        <line num="155" count="4" type="stmt"/>
        <line num="157" count="2" type="stmt"/>
        <line num="172" count="1" type="stmt"/>
        <line num="173" count="1" type="stmt"/>
        <line num="174" count="1" type="stmt"/>
        <line num="177" count="1" type="stmt"/>
      </file>
    </package>
  </project>
</coverage>
