{"/Users/hemantkumar/code/tekion/src/app.js": {"path":"/Users/hemantkumar/code/tekion/src/app.js","statementMap":{"0":{"start":{"line":1,"column":16},"end":{"line":1,"column":34}},"1":{"start":{"line":2,"column":16},"end":{"line":2,"column":42}},"2":{"start":{"line":4,"column":19},"end":{"line":4,"column":49}},"3":{"start":{"line":6,"column":12},"end":{"line":6,"column":21}},"4":{"start":{"line":9,"column":0},"end":{"line":9,"column":24}},"5":{"start":{"line":12,"column":0},"end":{"line":20,"column":4}},"6":{"start":{"line":23,"column":0},"end":{"line":23,"column":28}},"7":{"start":{"line":26,"column":0},"end":{"line":28,"column":3}},"8":{"start":{"line":27,"column":2},"end":{"line":27,"column":55}},"9":{"start":{"line":31,"column":0},"end":{"line":43,"column":3}},"10":{"start":{"line":32,"column":2},"end":{"line":42,"column":5}},"11":{"start":{"line":45,"column":0},"end":{"line":45,"column":21}}},"fnMap":{"0":{"name":"(anonymous_0)","decl":{"start":{"line":26,"column":19},"end":{"line":26,"column":20}},"loc":{"start":{"line":26,"column":33},"end":{"line":28,"column":1}},"line":26},"1":{"name":"(anonymous_1)","decl":{"start":{"line":31,"column":13},"end":{"line":31,"column":14}},"loc":{"start":{"line":31,"column":27},"end":{"line":43,"column":1}},"line":31}},"branchMap":{"0":{"loc":{"start":{"line":13,"column":10},"end":{"line":13,"column":65}},"type":"binary-expr","locations":[{"start":{"line":13,"column":10},"end":{"line":13,"column":36}},{"start":{"line":13,"column":40},"end":{"line":13,"column":65}}],"line":13}},"s":{"0":1,"1":1,"2":1,"3":1,"4":1,"5":1,"6":1,"7":1,"8":1,"9":1,"10":1,"11":1},"f":{"0":1,"1":1},"b":{"0":[1,1]},"_coverageSchema":"1a1c01bbd47fc00a2c39e90264f33305004495a9","hash":"b76d133a0b619d7214f09dba87c45f1794641fcf"}
,"/Users/hemantkumar/code/tekion/src/server.js": {"path":"/Users/hemantkumar/code/tekion/src/server.js","statementMap":{"0":{"start":{"line":1,"column":12},"end":{"line":1,"column":28}},"1":{"start":{"line":3,"column":13},"end":{"line":3,"column":37}},"2":{"start":{"line":5,"column":0},"end":{"line":9,"column":3}},"3":{"start":{"line":6,"column":2},"end":{"line":6,"column":61}},"4":{"start":{"line":7,"column":2},"end":{"line":7,"column":60}},"5":{"start":{"line":8,"column":2},"end":{"line":8,"column":62}}},"fnMap":{"0":{"name":"(anonymous_0)","decl":{"start":{"line":5,"column":17},"end":{"line":5,"column":18}},"loc":{"start":{"line":5,"column":23},"end":{"line":9,"column":1}},"line":5}},"branchMap":{"0":{"loc":{"start":{"line":3,"column":13},"end":{"line":3,"column":37}},"type":"binary-expr","locations":[{"start":{"line":3,"column":13},"end":{"line":3,"column":29}},{"start":{"line":3,"column":33},"end":{"line":3,"column":37}}],"line":3}},"s":{"0":0,"1":0,"2":0,"3":0,"4":0,"5":0},"f":{"0":0},"b":{"0":[0,0]}}
,"/Users/hemantkumar/code/tekion/src/engine/Board.js": {"path":"/Users/hemantkumar/code/tekion/src/engine/Board.js","statementMap":{"0":{"start":{"line":1,"column":13},"end":{"line":1,"column":37}},"1":{"start":{"line":2,"column":14},"end":{"line":2,"column":39}},"2":{"start":{"line":3,"column":13},"end":{"line":3,"column":37}},"3":{"start":{"line":4,"column":15},"end":{"line":4,"column":41}},"4":{"start":{"line":5,"column":15},"end":{"line":5,"column":41}},"5":{"start":{"line":6,"column":13},"end":{"line":6,"column":37}},"6":{"start":{"line":7,"column":21},"end":{"line":7,"column":53}},"7":{"start":{"line":18,"column":4},"end":{"line":18,"column":21}},"8":{"start":{"line":19,"column":4},"end":{"line":19,"column":21}},"9":{"start":{"line":20,"column":4},"end":{"line":20,"column":75}},"10":{"start":{"line":20,"column":51},"end":{"line":20,"column":73}},"11":{"start":{"line":30,"column":4},"end":{"line":32,"column":5}},"12":{"start":{"line":31,"column":6},"end":{"line":31,"column":75}},"13":{"start":{"line":33,"column":4},"end":{"line":35,"column":5}},"14":{"start":{"line":34,"column":6},"end":{"line":34,"column":75}},"15":{"start":{"line":36,"column":4},"end":{"line":42,"column":5}},"16":{"start":{"line":37,"column":6},"end":{"line":41,"column":8}},"17":{"start":{"line":43,"column":4},"end":{"line":43,"column":27}},"18":{"start":{"line":51,"column":23},"end":{"line":51,"column":69}},"19":{"start":{"line":52,"column":4},"end":{"line":54,"column":5}},"20":{"start":{"line":53,"column":6},"end":{"line":53,"column":41}},"21":{"start":{"line":57,"column":4},"end":{"line":57,"column":46}},"22":{"start":{"line":58,"column":4},"end":{"line":58,"column":48}},"23":{"start":{"line":59,"column":4},"end":{"line":59,"column":48}},"24":{"start":{"line":60,"column":4},"end":{"line":60,"column":47}},"25":{"start":{"line":61,"column":4},"end":{"line":61,"column":46}},"26":{"start":{"line":62,"column":4},"end":{"line":62,"column":48}},"27":{"start":{"line":63,"column":4},"end":{"line":63,"column":48}},"28":{"start":{"line":64,"column":4},"end":{"line":64,"column":46}},"29":{"start":{"line":67,"column":4},"end":{"line":69,"column":5}},"30":{"start":{"line":67,"column":17},"end":{"line":67,"column":18}},"31":{"start":{"line":68,"column":6},"end":{"line":68,"column":48}},"32":{"start":{"line":72,"column":4},"end":{"line":74,"column":5}},"33":{"start":{"line":72,"column":17},"end":{"line":72,"column":18}},"34":{"start":{"line":73,"column":6},"end":{"line":73,"column":48}},"35":{"start":{"line":77,"column":4},"end":{"line":77,"column":46}},"36":{"start":{"line":78,"column":4},"end":{"line":78,"column":48}},"37":{"start":{"line":79,"column":4},"end":{"line":79,"column":48}},"38":{"start":{"line":80,"column":4},"end":{"line":80,"column":47}},"39":{"start":{"line":81,"column":4},"end":{"line":81,"column":46}},"40":{"start":{"line":82,"column":4},"end":{"line":82,"column":48}},"41":{"start":{"line":83,"column":4},"end":{"line":83,"column":48}},"42":{"start":{"line":84,"column":4},"end":{"line":84,"column":46}},"43":{"start":{"line":91,"column":4},"end":{"line":91,"column":70}},"44":{"start":{"line":99,"column":4},"end":{"line":99,"column":48}},"45":{"start":{"line":99,"column":36},"end":{"line":99,"column":48}},"46":{"start":{"line":100,"column":4},"end":{"line":100,"column":31}},"47":{"start":{"line":107,"column":4},"end":{"line":107,"column":32}},"48":{"start":{"line":108,"column":4},"end":{"line":113,"column":5}},"49":{"start":{"line":110,"column":6},"end":{"line":110,"column":22}},"50":{"start":{"line":111,"column":6},"end":{"line":111,"column":22}},"51":{"start":{"line":121,"column":18},"end":{"line":121,"column":37}},"52":{"start":{"line":122,"column":4},"end":{"line":122,"column":31}},"53":{"start":{"line":123,"column":4},"end":{"line":123,"column":17}},"54":{"start":{"line":132,"column":4},"end":{"line":139,"column":5}},"55":{"start":{"line":132,"column":17},"end":{"line":132,"column":18}},"56":{"start":{"line":133,"column":6},"end":{"line":138,"column":7}},"57":{"start":{"line":133,"column":19},"end":{"line":133,"column":20}},"58":{"start":{"line":134,"column":22},"end":{"line":134,"column":37}},"59":{"start":{"line":135,"column":8},"end":{"line":137,"column":9}},"60":{"start":{"line":136,"column":10},"end":{"line":136,"column":36}},"61":{"start":{"line":140,"column":4},"end":{"line":140,"column":16}},"62":{"start":{"line":149,"column":19},"end":{"line":149,"column":21}},"63":{"start":{"line":150,"column":4},"end":{"line":157,"column":5}},"64":{"start":{"line":150,"column":17},"end":{"line":150,"column":18}},"65":{"start":{"line":151,"column":6},"end":{"line":156,"column":7}},"66":{"start":{"line":151,"column":19},"end":{"line":151,"column":20}},"67":{"start":{"line":152,"column":22},"end":{"line":152,"column":37}},"68":{"start":{"line":153,"column":8},"end":{"line":155,"column":9}},"69":{"start":{"line":154,"column":10},"end":{"line":154,"column":29}},"70":{"start":{"line":158,"column":4},"end":{"line":158,"column":18}},"71":{"start":{"line":166,"column":17},"end":{"line":166,"column":48}},"72":{"start":{"line":167,"column":4},"end":{"line":176,"column":5}},"73":{"start":{"line":167,"column":17},"end":{"line":167,"column":18}},"74":{"start":{"line":168,"column":6},"end":{"line":175,"column":7}},"75":{"start":{"line":168,"column":19},"end":{"line":168,"column":20}},"76":{"start":{"line":169,"column":22},"end":{"line":169,"column":37}},"77":{"start":{"line":170,"column":8},"end":{"line":174,"column":9}},"78":{"start":{"line":171,"column":25},"end":{"line":171,"column":80}},"79":{"start":{"line":172,"column":10},"end":{"line":172,"column":43}},"80":{"start":{"line":173,"column":10},"end":{"line":173,"column":35}},"81":{"start":{"line":177,"column":4},"end":{"line":177,"column":16}},"82":{"start":{"line":184,"column":17},"end":{"line":184,"column":95}},"83":{"start":{"line":184,"column":40},"end":{"line":184,"column":94}},"84":{"start":{"line":184,"column":60},"end":{"line":184,"column":92}},"85":{"start":{"line":185,"column":4},"end":{"line":185,"column":54}},"86":{"start":{"line":194,"column":18},"end":{"line":194,"column":49}},"87":{"start":{"line":195,"column":4},"end":{"line":202,"column":5}},"88":{"start":{"line":195,"column":17},"end":{"line":195,"column":18}},"89":{"start":{"line":196,"column":6},"end":{"line":201,"column":7}},"90":{"start":{"line":196,"column":19},"end":{"line":196,"column":20}},"91":{"start":{"line":197,"column":26},"end":{"line":197,"column":41}},"92":{"start":{"line":198,"column":8},"end":{"line":200,"column":9}},"93":{"start":{"line":199,"column":10},"end":{"line":199,"column":62}},"94":{"start":{"line":203,"column":4},"end":{"line":203,"column":17}},"95":{"start":{"line":210,"column":17},"end":{"line":210,"column":46}},"96":{"start":{"line":211,"column":17},"end":{"line":211,"column":24}},"97":{"start":{"line":212,"column":4},"end":{"line":212,"column":28}},"98":{"start":{"line":219,"column":4},"end":{"line":219,"column":56}},"99":{"start":{"line":219,"column":44},"end":{"line":219,"column":56}},"100":{"start":{"line":220,"column":16},"end":{"line":220,"column":43}},"101":{"start":{"line":221,"column":16},"end":{"line":221,"column":45}},"102":{"start":{"line":222,"column":4},"end":{"line":222,"column":62}},"103":{"start":{"line":222,"column":50},"end":{"line":222,"column":62}},"104":{"start":{"line":223,"column":4},"end":{"line":223,"column":24}},"105":{"start":{"line":230,"column":18},"end":{"line":230,"column":20}},"106":{"start":{"line":231,"column":4},"end":{"line":231,"column":36}},"107":{"start":{"line":232,"column":4},"end":{"line":236,"column":5}},"108":{"start":{"line":232,"column":17},"end":{"line":232,"column":18}},"109":{"start":{"line":233,"column":19},"end":{"line":233,"column":24}},"110":{"start":{"line":234,"column":18},"end":{"line":234,"column":90}},"111":{"start":{"line":234,"column":47},"end":{"line":234,"column":78}},"112":{"start":{"line":235,"column":6},"end":{"line":235,"column":43}},"113":{"start":{"line":237,"column":4},"end":{"line":237,"column":36}},"114":{"start":{"line":238,"column":4},"end":{"line":238,"column":28}},"115":{"start":{"line":242,"column":0},"end":{"line":242,"column":23}}},"fnMap":{"0":{"name":"(anonymous_0)","decl":{"start":{"line":17,"column":2},"end":{"line":17,"column":3}},"loc":{"start":{"line":17,"column":26},"end":{"line":21,"column":3}},"line":17},"1":{"name":"(anonymous_1)","decl":{"start":{"line":20,"column":45},"end":{"line":20,"column":46}},"loc":{"start":{"line":20,"column":51},"end":{"line":20,"column":73}},"line":20},"2":{"name":"(anonymous_2)","decl":{"start":{"line":29,"column":2},"end":{"line":29,"column":3}},"loc":{"start":{"line":29,"column":40},"end":{"line":44,"column":3}},"line":29},"3":{"name":"(anonymous_3)","decl":{"start":{"line":50,"column":2},"end":{"line":50,"column":3}},"loc":{"start":{"line":50,"column":31},"end":{"line":85,"column":3}},"line":50},"4":{"name":"(anonymous_4)","decl":{"start":{"line":90,"column":2},"end":{"line":90,"column":3}},"loc":{"start":{"line":90,"column":23},"end":{"line":92,"column":3}},"line":90},"5":{"name":"(anonymous_5)","decl":{"start":{"line":98,"column":2},"end":{"line":98,"column":3}},"loc":{"start":{"line":98,"column":21},"end":{"line":101,"column":3}},"line":98},"6":{"name":"(anonymous_6)","decl":{"start":{"line":106,"column":2},"end":{"line":106,"column":3}},"loc":{"start":{"line":106,"column":28},"end":{"line":114,"column":3}},"line":106},"7":{"name":"(anonymous_7)","decl":{"start":{"line":120,"column":2},"end":{"line":120,"column":3}},"loc":{"start":{"line":120,"column":24},"end":{"line":124,"column":3}},"line":120},"8":{"name":"(anonymous_8)","decl":{"start":{"line":131,"column":2},"end":{"line":131,"column":3}},"loc":{"start":{"line":131,"column":18},"end":{"line":141,"column":3}},"line":131},"9":{"name":"(anonymous_9)","decl":{"start":{"line":148,"column":2},"end":{"line":148,"column":3}},"loc":{"start":{"line":148,"column":26},"end":{"line":159,"column":3}},"line":148},"10":{"name":"(anonymous_10)","decl":{"start":{"line":165,"column":2},"end":{"line":165,"column":3}},"loc":{"start":{"line":165,"column":10},"end":{"line":178,"column":3}},"line":165},"11":{"name":"(anonymous_11)","decl":{"start":{"line":183,"column":2},"end":{"line":183,"column":3}},"loc":{"start":{"line":183,"column":14},"end":{"line":186,"column":3}},"line":183},"12":{"name":"(anonymous_12)","decl":{"start":{"line":184,"column":31},"end":{"line":184,"column":32}},"loc":{"start":{"line":184,"column":40},"end":{"line":184,"column":94}},"line":184},"13":{"name":"(anonymous_13)","decl":{"start":{"line":184,"column":48},"end":{"line":184,"column":49}},"loc":{"start":{"line":184,"column":60},"end":{"line":184,"column":92}},"line":184},"14":{"name":"(anonymous_14)","decl":{"start":{"line":193,"column":2},"end":{"line":193,"column":3}},"loc":{"start":{"line":193,"column":27},"end":{"line":204,"column":3}},"line":193},"15":{"name":"(anonymous_15)","decl":{"start":{"line":209,"column":2},"end":{"line":209,"column":3}},"loc":{"start":{"line":209,"column":31},"end":{"line":213,"column":3}},"line":209},"16":{"name":"(anonymous_16)","decl":{"start":{"line":218,"column":2},"end":{"line":218,"column":3}},"loc":{"start":{"line":218,"column":33},"end":{"line":224,"column":3}},"line":218},"17":{"name":"(anonymous_17)","decl":{"start":{"line":229,"column":2},"end":{"line":229,"column":3}},"loc":{"start":{"line":229,"column":13},"end":{"line":239,"column":3}},"line":229},"18":{"name":"(anonymous_18)","decl":{"start":{"line":234,"column":35},"end":{"line":234,"column":36}},"loc":{"start":{"line":234,"column":47},"end":{"line":234,"column":78}},"line":234}},"branchMap":{"0":{"loc":{"start":{"line":30,"column":4},"end":{"line":32,"column":5}},"type":"if","locations":[{"start":{"line":30,"column":4},"end":{"line":32,"column":5}},{"start":{},"end":{}}],"line":30},"1":{"loc":{"start":{"line":30,"column":8},"end":{"line":30,"column":58}},"type":"binary-expr","locations":[{"start":{"line":30,"column":8},"end":{"line":30,"column":31}},{"start":{"line":30,"column":35},"end":{"line":30,"column":58}}],"line":30},"2":{"loc":{"start":{"line":33,"column":4},"end":{"line":35,"column":5}},"type":"if","locations":[{"start":{"line":33,"column":4},"end":{"line":35,"column":5}},{"start":{},"end":{}}],"line":33},"3":{"loc":{"start":{"line":33,"column":8},"end":{"line":33,"column":28}},"type":"binary-expr","locations":[{"start":{"line":33,"column":8},"end":{"line":33,"column":16}},{"start":{"line":33,"column":20},"end":{"line":33,"column":28}}],"line":33},"4":{"loc":{"start":{"line":36,"column":4},"end":{"line":42,"column":5}},"type":"if","locations":[{"start":{"line":36,"column":4},"end":{"line":42,"column":5}},{"start":{},"end":{}}],"line":36},"5":{"loc":{"start":{"line":36,"column":8},"end":{"line":36,"column":32}},"type":"binary-expr","locations":[{"start":{"line":36,"column":8},"end":{"line":36,"column":18}},{"start":{"line":36,"column":22},"end":{"line":36,"column":32}}],"line":36},"6":{"loc":{"start":{"line":52,"column":4},"end":{"line":54,"column":5}},"type":"if","locations":[{"start":{"line":52,"column":4},"end":{"line":54,"column":5}},{"start":{},"end":{}}],"line":52},"7":{"loc":{"start":{"line":91,"column":11},"end":{"line":91,"column":69}},"type":"binary-expr","locations":[{"start":{"line":91,"column":11},"end":{"line":91,"column":19}},{"start":{"line":91,"column":23},"end":{"line":91,"column":38}},{"start":{"line":91,"column":42},"end":{"line":91,"column":50}},{"start":{"line":91,"column":54},"end":{"line":91,"column":69}}],"line":91},"8":{"loc":{"start":{"line":99,"column":4},"end":{"line":99,"column":48}},"type":"if","locations":[{"start":{"line":99,"column":4},"end":{"line":99,"column":48}},{"start":{},"end":{}}],"line":99},"9":{"loc":{"start":{"line":108,"column":4},"end":{"line":113,"column":5}},"type":"if","locations":[{"start":{"line":108,"column":4},"end":{"line":113,"column":5}},{"start":{},"end":{}}],"line":108},"10":{"loc":{"start":{"line":135,"column":8},"end":{"line":137,"column":9}},"type":"if","locations":[{"start":{"line":135,"column":8},"end":{"line":137,"column":9}},{"start":{},"end":{}}],"line":135},"11":{"loc":{"start":{"line":135,"column":12},"end":{"line":135,"column":72}},"type":"binary-expr","locations":[{"start":{"line":135,"column":12},"end":{"line":135,"column":17}},{"start":{"line":135,"column":21},"end":{"line":135,"column":47}},{"start":{"line":135,"column":51},"end":{"line":135,"column":72}}],"line":135},"12":{"loc":{"start":{"line":153,"column":8},"end":{"line":155,"column":9}},"type":"if","locations":[{"start":{"line":153,"column":8},"end":{"line":155,"column":9}},{"start":{},"end":{}}],"line":153},"13":{"loc":{"start":{"line":153,"column":12},"end":{"line":153,"column":42}},"type":"binary-expr","locations":[{"start":{"line":153,"column":12},"end":{"line":153,"column":17}},{"start":{"line":153,"column":21},"end":{"line":153,"column":42}}],"line":153},"14":{"loc":{"start":{"line":170,"column":8},"end":{"line":174,"column":9}},"type":"if","locations":[{"start":{"line":170,"column":8},"end":{"line":174,"column":9}},{"start":{},"end":{}}],"line":170},"15":{"loc":{"start":{"line":184,"column":60},"end":{"line":184,"column":92}},"type":"cond-expr","locations":[{"start":{"line":184,"column":68},"end":{"line":184,"column":85}},{"start":{"line":184,"column":88},"end":{"line":184,"column":92}}],"line":184},"16":{"loc":{"start":{"line":198,"column":8},"end":{"line":200,"column":9}},"type":"if","locations":[{"start":{"line":198,"column":8},"end":{"line":200,"column":9}},{"start":{},"end":{}}],"line":198},"17":{"loc":{"start":{"line":219,"column":4},"end":{"line":219,"column":56}},"type":"if","locations":[{"start":{"line":219,"column":4},"end":{"line":219,"column":56}},{"start":{},"end":{}}],"line":219},"18":{"loc":{"start":{"line":219,"column":8},"end":{"line":219,"column":42}},"type":"binary-expr","locations":[{"start":{"line":219,"column":8},"end":{"line":219,"column":17}},{"start":{"line":219,"column":21},"end":{"line":219,"column":42}}],"line":219},"19":{"loc":{"start":{"line":222,"column":4},"end":{"line":222,"column":62}},"type":"if","locations":[{"start":{"line":222,"column":4},"end":{"line":222,"column":62}},{"start":{},"end":{}}],"line":222},"20":{"loc":{"start":{"line":222,"column":8},"end":{"line":222,"column":48}},"type":"binary-expr","locations":[{"start":{"line":222,"column":8},"end":{"line":222,"column":15}},{"start":{"line":222,"column":19},"end":{"line":222,"column":26}},{"start":{"line":222,"column":30},"end":{"line":222,"column":37}},{"start":{"line":222,"column":41},"end":{"line":222,"column":48}}],"line":222},"21":{"loc":{"start":{"line":234,"column":47},"end":{"line":234,"column":78}},"type":"cond-expr","locations":[{"start":{"line":234,"column":55},"end":{"line":234,"column":72}},{"start":{"line":234,"column":75},"end":{"line":234,"column":78}}],"line":234}},"s":{"0":5,"1":5,"2":5,"3":5,"4":5,"5":5,"6":5,"7":344,"8":344,"9":344,"10":2752,"11":107,"12":1,"13":106,"14":1,"15":105,"16":3,"17":102,"18":49,"19":49,"20":0,"21":49,"22":49,"23":49,"24":49,"25":49,"26":49,"27":49,"28":49,"29":49,"30":49,"31":392,"32":49,"33":49,"34":392,"35":49,"36":49,"37":49,"38":49,"39":49,"40":49,"41":49,"42":49,"43":37873,"44":17184,"45":0,"46":17184,"47":379,"48":379,"49":379,"50":379,"51":270,"52":270,"53":270,"54":275,"55":275,"56":1470,"57":1470,"58":10943,"59":10943,"60":274,"61":1,"62":314,"63":314,"64":314,"65":2512,"66":2512,"67":20096,"68":20096,"69":4077,"70":314,"71":224,"72":224,"73":224,"74":1792,"75":1792,"76":14336,"77":14336,"78":5853,"79":5853,"80":5853,"81":224,"82":19,"83":152,"84":1216,"85":19,"86":13,"87":13,"88":13,"89":104,"90":104,"91":832,"92":832,"93":416,"94":13,"95":660,"96":660,"97":660,"98":14,"99":2,"100":12,"101":12,"102":12,"103":3,"104":9,"105":19,"106":19,"107":19,"108":19,"109":152,"110":152,"111":1216,"112":152,"113":19,"114":19,"115":5},"f":{"0":344,"1":2752,"2":107,"3":49,"4":37873,"5":17184,"6":379,"7":270,"8":275,"9":314,"10":224,"11":19,"12":152,"13":1216,"14":13,"15":660,"16":14,"17":19,"18":1216},"b":{"0":[1,106],"1":[107,106],"2":[1,105],"3":[106,105],"4":[3,102],"5":[105,102],"6":[0,49],"7":[37873,35090,33208,32323],"8":[0,17184],"9":[379,0],"10":[274,10669],"11":[10943,4195,446],"12":[4077,16019],"13":[20096,8147],"14":[5853,8483],"15":[608,608],"16":[416,416],"17":[2,12],"18":[14,12],"19":[3,9],"20":[12,9,9,9],"21":[608,608]},"_coverageSchema":"1a1c01bbd47fc00a2c39e90264f33305004495a9","hash":"ff15c89000e1b55d9bc908299da485c77cf97b94"}
,"/Users/hemantkumar/code/tekion/src/engine/Game.js": {"path":"/Users/hemantkumar/code/tekion/src/engine/Game.js","statementMap":{"0":{"start":{"line":1,"column":14},"end":{"line":1,"column":32}},"1":{"start":{"line":2,"column":22},"end":{"line":2,"column":48}},"2":{"start":{"line":3,"column":21},"end":{"line":3,"column":53}},"3":{"start":{"line":15,"column":23},"end":{"line":15,"column":59}},"4":{"start":{"line":16,"column":4},"end":{"line":18,"column":5}},"5":{"start":{"line":17,"column":6},"end":{"line":17,"column":41}},"6":{"start":{"line":20,"column":4},"end":{"line":20,"column":39}},"7":{"start":{"line":21,"column":4},"end":{"line":21,"column":44}},"8":{"start":{"line":22,"column":4},"end":{"line":22,"column":31}},"9":{"start":{"line":23,"column":4},"end":{"line":23,"column":27}},"10":{"start":{"line":24,"column":4},"end":{"line":24,"column":23}},"11":{"start":{"line":25,"column":4},"end":{"line":25,"column":26}},"12":{"start":{"line":26,"column":4},"end":{"line":26,"column":32}},"13":{"start":{"line":27,"column":4},"end":{"line":27,"column":51}},"14":{"start":{"line":34,"column":4},"end":{"line":34,"column":49}},"15":{"start":{"line":41,"column":18},"end":{"line":41,"column":47}},"16":{"start":{"line":42,"column":4},"end":{"line":42,"column":26}},"17":{"start":{"line":42,"column":16},"end":{"line":42,"column":26}},"18":{"start":{"line":43,"column":4},"end":{"line":43,"column":52}},"19":{"start":{"line":43,"column":42},"end":{"line":43,"column":52}},"20":{"start":{"line":45,"column":4},"end":{"line":45,"column":83}},"21":{"start":{"line":59,"column":4},"end":{"line":61,"column":5}},"22":{"start":{"line":60,"column":6},"end":{"line":60,"column":72}},"23":{"start":{"line":64,"column":4},"end":{"line":66,"column":5}},"24":{"start":{"line":65,"column":6},"end":{"line":65,"column":75}},"25":{"start":{"line":69,"column":18},"end":{"line":69,"column":55}},"26":{"start":{"line":70,"column":4},"end":{"line":72,"column":5}},"27":{"start":{"line":71,"column":6},"end":{"line":71,"column":71}},"28":{"start":{"line":75,"column":4},"end":{"line":77,"column":5}},"29":{"start":{"line":76,"column":6},"end":{"line":76,"column":76}},"30":{"start":{"line":80,"column":23},"end":{"line":85,"column":5}},"31":{"start":{"line":86,"column":20},"end":{"line":86,"column":78}},"32":{"start":{"line":86,"column":43},"end":{"line":86,"column":77}},"33":{"start":{"line":87,"column":4},"end":{"line":89,"column":5}},"34":{"start":{"line":88,"column":6},"end":{"line":88,"column":71}},"35":{"start":{"line":92,"column":28},"end":{"line":92,"column":65}},"36":{"start":{"line":93,"column":4},"end":{"line":95,"column":5}},"37":{"start":{"line":94,"column":6},"end":{"line":94,"column":84}},"38":{"start":{"line":98,"column":23},"end":{"line":98,"column":86}},"39":{"start":{"line":101,"column":4},"end":{"line":101,"column":63}},"40":{"start":{"line":104,"column":4},"end":{"line":104,"column":28}},"41":{"start":{"line":106,"column":4},"end":{"line":106,"column":47}},"42":{"start":{"line":114,"column":18},"end":{"line":114,"column":55}},"43":{"start":{"line":115,"column":21},"end":{"line":115,"column":54}},"44":{"start":{"line":116,"column":23},"end":{"line":123,"column":5}},"45":{"start":{"line":126,"column":4},"end":{"line":149,"column":5}},"46":{"start":{"line":127,"column":6},"end":{"line":127,"column":52}},"47":{"start":{"line":128,"column":6},"end":{"line":128,"column":82}},"48":{"start":{"line":129,"column":11},"end":{"line":149,"column":5}},"49":{"start":{"line":135,"column":6},"end":{"line":135,"column":60}},"50":{"start":{"line":136,"column":6},"end":{"line":136,"column":39}},"51":{"start":{"line":137,"column":6},"end":{"line":139,"column":70}},"52":{"start":{"line":143,"column":6},"end":{"line":145,"column":7}},"53":{"start":{"line":144,"column":8},"end":{"line":144,"column":71}},"54":{"start":{"line":146,"column":6},"end":{"line":146,"column":47}},"55":{"start":{"line":147,"column":6},"end":{"line":147,"column":47}},"56":{"start":{"line":148,"column":6},"end":{"line":148,"column":28}},"57":{"start":{"line":152,"column":4},"end":{"line":152,"column":61}},"58":{"start":{"line":155,"column":4},"end":{"line":162,"column":5}},"59":{"start":{"line":156,"column":27},"end":{"line":156,"column":76}},"60":{"start":{"line":157,"column":6},"end":{"line":161,"column":7}},"61":{"start":{"line":158,"column":8},"end":{"line":158,"column":72}},"62":{"start":{"line":159,"column":8},"end":{"line":159,"column":41}},"63":{"start":{"line":160,"column":8},"end":{"line":160,"column":46}},"64":{"start":{"line":164,"column":4},"end":{"line":164,"column":38}},"65":{"start":{"line":165,"column":4},"end":{"line":165,"column":22}},"66":{"start":{"line":173,"column":17},"end":{"line":173,"column":50}},"67":{"start":{"line":175,"column":4},"end":{"line":193,"column":5}},"68":{"start":{"line":177,"column":19},"end":{"line":177,"column":46}},"69":{"start":{"line":178,"column":6},"end":{"line":178,"column":43}},"70":{"start":{"line":179,"column":6},"end":{"line":179,"column":37}},"71":{"start":{"line":180,"column":6},"end":{"line":180,"column":40}},"72":{"start":{"line":181,"column":6},"end":{"line":181,"column":40}},"73":{"start":{"line":182,"column":6},"end":{"line":182,"column":27}},"74":{"start":{"line":183,"column":6},"end":{"line":183,"column":27}},"75":{"start":{"line":186,"column":19},"end":{"line":186,"column":46}},"76":{"start":{"line":187,"column":6},"end":{"line":187,"column":43}},"77":{"start":{"line":188,"column":6},"end":{"line":188,"column":37}},"78":{"start":{"line":189,"column":6},"end":{"line":189,"column":40}},"79":{"start":{"line":190,"column":6},"end":{"line":190,"column":40}},"80":{"start":{"line":191,"column":6},"end":{"line":191,"column":27}},"81":{"start":{"line":192,"column":6},"end":{"line":192,"column":27}},"82":{"start":{"line":201,"column":18},"end":{"line":201,"column":55}},"83":{"start":{"line":202,"column":25},"end":{"line":202,"column":60}},"84":{"start":{"line":204,"column":4},"end":{"line":206,"column":5}},"85":{"start":{"line":205,"column":6},"end":{"line":205,"column":77}},"86":{"start":{"line":208,"column":4},"end":{"line":208,"column":43}},"87":{"start":{"line":209,"column":4},"end":{"line":209,"column":45}},"88":{"start":{"line":210,"column":4},"end":{"line":210,"column":45}},"89":{"start":{"line":211,"column":4},"end":{"line":211,"column":26}},"90":{"start":{"line":219,"column":21},"end":{"line":219,"column":72}},"91":{"start":{"line":220,"column":4},"end":{"line":220,"column":29}},"92":{"start":{"line":221,"column":4},"end":{"line":221,"column":44}},"93":{"start":{"line":229,"column":4},"end":{"line":235,"column":5}},"94":{"start":{"line":231,"column":24},"end":{"line":231,"column":45}},"95":{"start":{"line":232,"column":6},"end":{"line":232,"column":60}},"96":{"start":{"line":234,"column":6},"end":{"line":234,"column":34}},"97":{"start":{"line":243,"column":20},"end":{"line":243,"column":73}},"98":{"start":{"line":244,"column":21},"end":{"line":248,"column":5}},"99":{"start":{"line":250,"column":4},"end":{"line":260,"column":5}},"100":{"start":{"line":251,"column":6},"end":{"line":251,"column":32}},"101":{"start":{"line":252,"column":6},"end":{"line":252,"column":60}},"102":{"start":{"line":253,"column":11},"end":{"line":260,"column":5}},"103":{"start":{"line":254,"column":6},"end":{"line":254,"column":32}},"104":{"start":{"line":255,"column":6},"end":{"line":255,"column":25}},"105":{"start":{"line":256,"column":11},"end":{"line":260,"column":5}},"106":{"start":{"line":257,"column":6},"end":{"line":257,"column":28}},"107":{"start":{"line":259,"column":6},"end":{"line":259,"column":29}},"108":{"start":{"line":268,"column":17},"end":{"line":268,"column":52}},"109":{"start":{"line":269,"column":15},"end":{"line":269,"column":46}},"110":{"start":{"line":270,"column":4},"end":{"line":270,"column":26}},"111":{"start":{"line":277,"column":4},"end":{"line":295,"column":6}},"112":{"start":{"line":282,"column":48},"end":{"line":289,"column":7}},"113":{"start":{"line":303,"column":20},"end":{"line":303,"column":22}},"114":{"start":{"line":304,"column":4},"end":{"line":320,"column":5}},"115":{"start":{"line":304,"column":17},"end":{"line":304,"column":18}},"116":{"start":{"line":305,"column":18},"end":{"line":305,"column":20}},"117":{"start":{"line":306,"column":6},"end":{"line":318,"column":7}},"118":{"start":{"line":306,"column":19},"end":{"line":306,"column":20}},"119":{"start":{"line":307,"column":22},"end":{"line":307,"column":47}},"120":{"start":{"line":308,"column":8},"end":{"line":317,"column":9}},"121":{"start":{"line":309,"column":10},"end":{"line":314,"column":13}},"122":{"start":{"line":316,"column":10},"end":{"line":316,"column":25}},"123":{"start":{"line":319,"column":6},"end":{"line":319,"column":24}},"124":{"start":{"line":321,"column":4},"end":{"line":321,"column":19}},"125":{"start":{"line":328,"column":4},"end":{"line":336,"column":6}},"126":{"start":{"line":345,"column":17},"end":{"line":345,"column":46}},"127":{"start":{"line":346,"column":4},"end":{"line":346,"column":47}},"128":{"start":{"line":347,"column":4},"end":{"line":347,"column":40}},"129":{"start":{"line":348,"column":4},"end":{"line":348,"column":30}},"130":{"start":{"line":349,"column":4},"end":{"line":349,"column":30}},"131":{"start":{"line":350,"column":4},"end":{"line":350,"column":46}},"132":{"start":{"line":351,"column":4},"end":{"line":351,"column":56}},"133":{"start":{"line":352,"column":4},"end":{"line":352,"column":74}},"134":{"start":{"line":353,"column":4},"end":{"line":353,"column":16}},"135":{"start":{"line":357,"column":0},"end":{"line":357,"column":22}}},"fnMap":{"0":{"name":"(anonymous_0)","decl":{"start":{"line":14,"column":2},"end":{"line":14,"column":3}},"loc":{"start":{"line":14,"column":34},"end":{"line":28,"column":3}},"line":14},"1":{"name":"(anonymous_1)","decl":{"start":{"line":33,"column":2},"end":{"line":33,"column":3}},"loc":{"start":{"line":33,"column":33},"end":{"line":35,"column":3}},"line":33},"2":{"name":"(anonymous_2)","decl":{"start":{"line":40,"column":2},"end":{"line":40,"column":3}},"loc":{"start":{"line":40,"column":26},"end":{"line":46,"column":3}},"line":40},"3":{"name":"(anonymous_3)","decl":{"start":{"line":57,"column":2},"end":{"line":57,"column":3}},"loc":{"start":{"line":57,"column":68},"end":{"line":107,"column":3}},"line":57},"4":{"name":"(anonymous_4)","decl":{"start":{"line":86,"column":36},"end":{"line":86,"column":37}},"loc":{"start":{"line":86,"column":43},"end":{"line":86,"column":77}},"line":86},"5":{"name":"(anonymous_5)","decl":{"start":{"line":113,"column":2},"end":{"line":113,"column":3}},"loc":{"start":{"line":113,"column":61},"end":{"line":166,"column":3}},"line":113},"6":{"name":"(anonymous_6)","decl":{"start":{"line":172,"column":2},"end":{"line":172,"column":3}},"loc":{"start":{"line":172,"column":43},"end":{"line":194,"column":3}},"line":172},"7":{"name":"(anonymous_7)","decl":{"start":{"line":200,"column":2},"end":{"line":200,"column":3}},"loc":{"start":{"line":200,"column":51},"end":{"line":212,"column":3}},"line":200},"8":{"name":"(anonymous_8)","decl":{"start":{"line":218,"column":2},"end":{"line":218,"column":3}},"loc":{"start":{"line":218,"column":51},"end":{"line":222,"column":3}},"line":218},"9":{"name":"(anonymous_9)","decl":{"start":{"line":228,"column":2},"end":{"line":228,"column":3}},"loc":{"start":{"line":228,"column":54},"end":{"line":236,"column":3}},"line":228},"10":{"name":"(anonymous_10)","decl":{"start":{"line":242,"column":2},"end":{"line":242,"column":3}},"loc":{"start":{"line":242,"column":21},"end":{"line":261,"column":3}},"line":242},"11":{"name":"(anonymous_11)","decl":{"start":{"line":267,"column":2},"end":{"line":267,"column":3}},"loc":{"start":{"line":267,"column":48},"end":{"line":271,"column":3}},"line":267},"12":{"name":"(anonymous_12)","decl":{"start":{"line":276,"column":2},"end":{"line":276,"column":3}},"loc":{"start":{"line":276,"column":13},"end":{"line":296,"column":3}},"line":276},"13":{"name":"(anonymous_13)","decl":{"start":{"line":282,"column":40},"end":{"line":282,"column":41}},"loc":{"start":{"line":282,"column":48},"end":{"line":289,"column":7}},"line":282},"14":{"name":"(anonymous_14)","decl":{"start":{"line":302,"column":2},"end":{"line":302,"column":3}},"loc":{"start":{"line":302,"column":20},"end":{"line":322,"column":3}},"line":302},"15":{"name":"(anonymous_15)","decl":{"start":{"line":327,"column":2},"end":{"line":327,"column":3}},"loc":{"start":{"line":327,"column":14},"end":{"line":337,"column":3}},"line":327},"16":{"name":"(anonymous_16)","decl":{"start":{"line":344,"column":2},"end":{"line":344,"column":3}},"loc":{"start":{"line":344,"column":27},"end":{"line":354,"column":3}},"line":344}},"branchMap":{"0":{"loc":{"start":{"line":14,"column":14},"end":{"line":14,"column":22}},"type":"default-arg","locations":[{"start":{"line":14,"column":21},"end":{"line":14,"column":22}}],"line":14},"1":{"loc":{"start":{"line":14,"column":24},"end":{"line":14,"column":32}},"type":"default-arg","locations":[{"start":{"line":14,"column":31},"end":{"line":14,"column":32}}],"line":14},"2":{"loc":{"start":{"line":16,"column":4},"end":{"line":18,"column":5}},"type":"if","locations":[{"start":{"line":16,"column":4},"end":{"line":18,"column":5}},{"start":{},"end":{}}],"line":16},"3":{"loc":{"start":{"line":34,"column":11},"end":{"line":34,"column":48}},"type":"cond-expr","locations":[{"start":{"line":34,"column":31},"end":{"line":34,"column":38}},{"start":{"line":34,"column":41},"end":{"line":34,"column":48}}],"line":34},"4":{"loc":{"start":{"line":42,"column":4},"end":{"line":42,"column":26}},"type":"if","locations":[{"start":{"line":42,"column":4},"end":{"line":42,"column":26}},{"start":{},"end":{}}],"line":42},"5":{"loc":{"start":{"line":43,"column":4},"end":{"line":43,"column":52}},"type":"if","locations":[{"start":{"line":43,"column":4},"end":{"line":43,"column":52}},{"start":{},"end":{}}],"line":43},"6":{"loc":{"start":{"line":57,"column":43},"end":{"line":57,"column":66}},"type":"default-arg","locations":[{"start":{"line":57,"column":59},"end":{"line":57,"column":66}}],"line":57},"7":{"loc":{"start":{"line":59,"column":4},"end":{"line":61,"column":5}},"type":"if","locations":[{"start":{"line":59,"column":4},"end":{"line":61,"column":5}},{"start":{},"end":{}}],"line":59},"8":{"loc":{"start":{"line":59,"column":8},"end":{"line":59,"column":66}},"type":"binary-expr","locations":[{"start":{"line":59,"column":8},"end":{"line":59,"column":35}},{"start":{"line":59,"column":39},"end":{"line":59,"column":66}}],"line":59},"9":{"loc":{"start":{"line":64,"column":4},"end":{"line":66,"column":5}},"type":"if","locations":[{"start":{"line":64,"column":4},"end":{"line":66,"column":5}},{"start":{},"end":{}}],"line":64},"10":{"loc":{"start":{"line":64,"column":8},"end":{"line":64,"column":88}},"type":"binary-expr","locations":[{"start":{"line":64,"column":8},"end":{"line":64,"column":48}},{"start":{"line":64,"column":52},"end":{"line":64,"column":88}}],"line":64},"11":{"loc":{"start":{"line":70,"column":4},"end":{"line":72,"column":5}},"type":"if","locations":[{"start":{"line":70,"column":4},"end":{"line":72,"column":5}},{"start":{},"end":{}}],"line":70},"12":{"loc":{"start":{"line":75,"column":4},"end":{"line":77,"column":5}},"type":"if","locations":[{"start":{"line":75,"column":4},"end":{"line":77,"column":5}},{"start":{},"end":{}}],"line":75},"13":{"loc":{"start":{"line":86,"column":43},"end":{"line":86,"column":77}},"type":"binary-expr","locations":[{"start":{"line":86,"column":43},"end":{"line":86,"column":58}},{"start":{"line":86,"column":62},"end":{"line":86,"column":77}}],"line":86},"14":{"loc":{"start":{"line":87,"column":4},"end":{"line":89,"column":5}},"type":"if","locations":[{"start":{"line":87,"column":4},"end":{"line":89,"column":5}},{"start":{},"end":{}}],"line":87},"15":{"loc":{"start":{"line":93,"column":4},"end":{"line":95,"column":5}},"type":"if","locations":[{"start":{"line":93,"column":4},"end":{"line":95,"column":5}},{"start":{},"end":{}}],"line":93},"16":{"loc":{"start":{"line":120,"column":16},"end":{"line":120,"column":54}},"type":"cond-expr","locations":[{"start":{"line":120,"column":27},"end":{"line":120,"column":47}},{"start":{"line":120,"column":50},"end":{"line":120,"column":54}}],"line":120},"17":{"loc":{"start":{"line":126,"column":4},"end":{"line":149,"column":5}},"type":"if","locations":[{"start":{"line":126,"column":4},"end":{"line":149,"column":5}},{"start":{"line":129,"column":11},"end":{"line":149,"column":5}}],"line":126},"18":{"loc":{"start":{"line":126,"column":8},"end":{"line":126,"column":69}},"type":"binary-expr","locations":[{"start":{"line":126,"column":8},"end":{"line":126,"column":34}},{"start":{"line":126,"column":38},"end":{"line":126,"column":69}}],"line":126},"19":{"loc":{"start":{"line":128,"column":27},"end":{"line":128,"column":81}},"type":"cond-expr","locations":[{"start":{"line":128,"column":45},"end":{"line":128,"column":61}},{"start":{"line":128,"column":64},"end":{"line":128,"column":81}}],"line":128},"20":{"loc":{"start":{"line":129,"column":11},"end":{"line":149,"column":5}},"type":"if","locations":[{"start":{"line":129,"column":11},"end":{"line":149,"column":5}},{"start":{"line":141,"column":11},"end":{"line":149,"column":5}}],"line":129},"21":{"loc":{"start":{"line":130,"column":6},"end":{"line":133,"column":43}},"type":"binary-expr","locations":[{"start":{"line":130,"column":6},"end":{"line":130,"column":32}},{"start":{"line":131,"column":9},"end":{"line":131,"column":29}},{"start":{"line":132,"column":9},"end":{"line":132,"column":43}},{"start":{"line":133,"column":9},"end":{"line":133,"column":43}}],"line":130},"22":{"loc":{"start":{"line":137,"column":28},"end":{"line":139,"column":69}},"type":"cond-expr","locations":[{"start":{"line":138,"column":10},"end":{"line":138,"column":57}},{"start":{"line":139,"column":10},"end":{"line":139,"column":69}}],"line":137},"23":{"loc":{"start":{"line":143,"column":6},"end":{"line":145,"column":7}},"type":"if","locations":[{"start":{"line":143,"column":6},"end":{"line":145,"column":7}},{"start":{},"end":{}}],"line":143},"24":{"loc":{"start":{"line":155,"column":4},"end":{"line":162,"column":5}},"type":"if","locations":[{"start":{"line":155,"column":4},"end":{"line":162,"column":5}},{"start":{},"end":{}}],"line":155},"25":{"loc":{"start":{"line":156,"column":27},"end":{"line":156,"column":76}},"type":"cond-expr","locations":[{"start":{"line":156,"column":53},"end":{"line":156,"column":54}},{"start":{"line":156,"column":57},"end":{"line":156,"column":76}}],"line":156},"26":{"loc":{"start":{"line":157,"column":6},"end":{"line":161,"column":7}},"type":"if","locations":[{"start":{"line":157,"column":6},"end":{"line":161,"column":7}},{"start":{},"end":{}}],"line":157},"27":{"loc":{"start":{"line":175,"column":4},"end":{"line":193,"column":5}},"type":"if","locations":[{"start":{"line":175,"column":4},"end":{"line":193,"column":5}},{"start":{"line":184,"column":11},"end":{"line":193,"column":5}}],"line":175},"28":{"loc":{"start":{"line":204,"column":4},"end":{"line":206,"column":5}},"type":"if","locations":[{"start":{"line":204,"column":4},"end":{"line":206,"column":5}},{"start":{},"end":{}}],"line":204},"29":{"loc":{"start":{"line":229,"column":4},"end":{"line":235,"column":5}},"type":"if","locations":[{"start":{"line":229,"column":4},"end":{"line":235,"column":5}},{"start":{"line":233,"column":11},"end":{"line":235,"column":5}}],"line":229},"30":{"loc":{"start":{"line":229,"column":8},"end":{"line":229,"column":69}},"type":"binary-expr","locations":[{"start":{"line":229,"column":8},"end":{"line":229,"column":34}},{"start":{"line":229,"column":38},"end":{"line":229,"column":69}}],"line":229},"31":{"loc":{"start":{"line":250,"column":4},"end":{"line":260,"column":5}},"type":"if","locations":[{"start":{"line":250,"column":4},"end":{"line":260,"column":5}},{"start":{"line":253,"column":11},"end":{"line":260,"column":5}}],"line":250},"32":{"loc":{"start":{"line":250,"column":8},"end":{"line":250,"column":28}},"type":"binary-expr","locations":[{"start":{"line":250,"column":8},"end":{"line":250,"column":15}},{"start":{"line":250,"column":19},"end":{"line":250,"column":28}}],"line":250},"33":{"loc":{"start":{"line":253,"column":11},"end":{"line":260,"column":5}},"type":"if","locations":[{"start":{"line":253,"column":11},"end":{"line":260,"column":5}},{"start":{"line":256,"column":11},"end":{"line":260,"column":5}}],"line":253},"34":{"loc":{"start":{"line":253,"column":15},"end":{"line":253,"column":36}},"type":"binary-expr","locations":[{"start":{"line":253,"column":15},"end":{"line":253,"column":23}},{"start":{"line":253,"column":27},"end":{"line":253,"column":36}}],"line":253},"35":{"loc":{"start":{"line":256,"column":11},"end":{"line":260,"column":5}},"type":"if","locations":[{"start":{"line":256,"column":11},"end":{"line":260,"column":5}},{"start":{"line":258,"column":11},"end":{"line":260,"column":5}}],"line":256},"36":{"loc":{"start":{"line":286,"column":18},"end":{"line":286,"column":53}},"type":"cond-expr","locations":[{"start":{"line":286,"column":31},"end":{"line":286,"column":46}},{"start":{"line":286,"column":49},"end":{"line":286,"column":53}}],"line":286},"37":{"loc":{"start":{"line":288,"column":20},"end":{"line":288,"column":40}},"type":"binary-expr","locations":[{"start":{"line":288,"column":20},"end":{"line":288,"column":32}},{"start":{"line":288,"column":36},"end":{"line":288,"column":40}}],"line":288},"38":{"loc":{"start":{"line":291,"column":23},"end":{"line":293,"column":14}},"type":"cond-expr","locations":[{"start":{"line":292,"column":10},"end":{"line":292,"column":79}},{"start":{"line":293,"column":10},"end":{"line":293,"column":14}}],"line":291},"39":{"loc":{"start":{"line":308,"column":8},"end":{"line":317,"column":9}},"type":"if","locations":[{"start":{"line":308,"column":8},"end":{"line":317,"column":9}},{"start":{"line":315,"column":15},"end":{"line":317,"column":9}}],"line":308},"40":{"loc":{"start":{"line":350,"column":23},"end":{"line":350,"column":45}},"type":"binary-expr","locations":[{"start":{"line":350,"column":23},"end":{"line":350,"column":39}},{"start":{"line":350,"column":43},"end":{"line":350,"column":45}}],"line":350},"41":{"loc":{"start":{"line":351,"column":27},"end":{"line":351,"column":55}},"type":"binary-expr","locations":[{"start":{"line":351,"column":27},"end":{"line":351,"column":47}},{"start":{"line":351,"column":51},"end":{"line":351,"column":55}}],"line":351},"42":{"loc":{"start":{"line":352,"column":26},"end":{"line":352,"column":73}},"type":"binary-expr","locations":[{"start":{"line":352,"column":26},"end":{"line":352,"column":45}},{"start":{"line":352,"column":49},"end":{"line":352,"column":73}}],"line":352}},"s":{"0":2,"1":2,"2":2,"3":39,"4":39,"5":1,"6":38,"7":38,"8":38,"9":38,"10":38,"11":38,"12":38,"13":38,"14":35,"15":4,"16":4,"17":0,"18":4,"19":1,"20":3,"21":38,"22":1,"23":37,"24":1,"25":36,"26":36,"27":1,"28":35,"29":1,"30":34,"31":34,"32":67,"33":34,"34":2,"35":32,"36":32,"37":0,"38":32,"39":32,"40":32,"41":32,"42":32,"43":32,"44":32,"45":32,"46":2,"47":2,"48":30,"49":1,"50":1,"51":1,"52":29,"53":1,"54":29,"55":29,"56":29,"57":32,"58":32,"59":27,"60":27,"61":2,"62":2,"63":2,"64":32,"65":32,"66":2,"67":2,"68":1,"69":1,"70":1,"71":1,"72":1,"73":1,"74":1,"75":1,"76":1,"77":1,"78":1,"79":1,"80":1,"81":1,"82":1,"83":1,"84":1,"85":1,"86":1,"87":1,"88":1,"89":1,"90":2,"91":2,"92":2,"93":32,"94":20,"95":20,"96":12,"97":32,"98":32,"99":32,"100":2,"101":2,"102":30,"103":0,"104":0,"105":30,"106":0,"107":30,"108":32,"109":32,"110":32,"111":18,"112":2,"113":18,"114":18,"115":18,"116":144,"117":144,"118":144,"119":1152,"120":1152,"121":576,"122":576,"123":144,"124":18,"125":18,"126":12,"127":12,"128":12,"129":12,"130":12,"131":12,"132":12,"133":12,"134":12,"135":2},"f":{"0":39,"1":35,"2":4,"3":38,"4":67,"5":32,"6":2,"7":1,"8":2,"9":32,"10":32,"11":32,"12":18,"13":2,"14":18,"15":18,"16":12},"b":{"0":[23],"1":[23],"2":[1,38],"3":[25,10],"4":[0,4],"5":[1,3],"6":[34],"7":[1,37],"8":[38,37],"9":[1,36],"10":[37,37],"11":[1,35],"12":[1,34],"13":[67,37],"14":[2,32],"15":[0,32],"16":[1,31],"17":[2,30],"18":[32,2],"19":[1,1],"20":[1,29],"21":[30,27,11,1],"22":[0,1],"23":[1,28],"24":[27,5],"25":[19,8],"26":[2,25],"27":[1,1],"28":[1,0],"29":[20,12],"30":[32,27],"31":[2,30],"32":[32,2],"33":[0,30],"34":[30,30],"35":[0,30],"36":[0,2],"37":[2,2],"38":[2,16],"39":[576,576],"40":[12,0],"41":[12,10],"42":[12,0]},"_coverageSchema":"1a1c01bbd47fc00a2c39e90264f33305004495a9","hash":"1ed382cdb6f1a1e1ee31474e1b5c0fa3c1bcd284"}
,"/Users/hemantkumar/code/tekion/src/engine/MoveValidator.js": {"path":"/Users/hemantkumar/code/tekion/src/engine/MoveValidator.js","statementMap":{"0":{"start":{"line":12,"column":20},"end":{"line":12,"column":41}},"1":{"start":{"line":13,"column":4},"end":{"line":13,"column":31}},"2":{"start":{"line":13,"column":18},"end":{"line":13,"column":31}},"3":{"start":{"line":15,"column":26},"end":{"line":15,"column":63}},"4":{"start":{"line":16,"column":27},"end":{"line":16,"column":64}},"5":{"start":{"line":18,"column":4},"end":{"line":25,"column":5}},"6":{"start":{"line":19,"column":20},"end":{"line":19,"column":58}},"7":{"start":{"line":20,"column":6},"end":{"line":24,"column":7}},"8":{"start":{"line":21,"column":8},"end":{"line":23,"column":9}},"9":{"start":{"line":22,"column":10},"end":{"line":22,"column":22}},"10":{"start":{"line":27,"column":4},"end":{"line":27,"column":17}},"11":{"start":{"line":39,"column":19},"end":{"line":39,"column":56}},"12":{"start":{"line":40,"column":4},"end":{"line":47,"column":5}},"13":{"start":{"line":41,"column":20},"end":{"line":41,"column":58}},"14":{"start":{"line":42,"column":6},"end":{"line":46,"column":7}},"15":{"start":{"line":43,"column":8},"end":{"line":45,"column":9}},"16":{"start":{"line":44,"column":10},"end":{"line":44,"column":22}},"17":{"start":{"line":48,"column":4},"end":{"line":48,"column":17}},"18":{"start":{"line":63,"column":18},"end":{"line":63,"column":50}},"19":{"start":{"line":64,"column":4},"end":{"line":64,"column":28}},"20":{"start":{"line":64,"column":16},"end":{"line":64,"column":28}},"21":{"start":{"line":66,"column":19},"end":{"line":66,"column":32}},"22":{"start":{"line":67,"column":24},"end":{"line":67,"column":57}},"23":{"start":{"line":70,"column":4},"end":{"line":78,"column":5}},"24":{"start":{"line":77,"column":6},"end":{"line":77,"column":41}},"25":{"start":{"line":81,"column":4},"end":{"line":81,"column":41}},"26":{"start":{"line":82,"column":4},"end":{"line":82,"column":47}},"27":{"start":{"line":84,"column":4},"end":{"line":84,"column":56}},"28":{"start":{"line":98,"column":18},"end":{"line":98,"column":42}},"29":{"start":{"line":99,"column":4},"end":{"line":99,"column":26}},"30":{"start":{"line":99,"column":16},"end":{"line":99,"column":26}},"31":{"start":{"line":101,"column":24},"end":{"line":101,"column":73}},"32":{"start":{"line":102,"column":23},"end":{"line":102,"column":25}},"33":{"start":{"line":104,"column":4},"end":{"line":123,"column":5}},"34":{"start":{"line":106,"column":6},"end":{"line":110,"column":7}},"35":{"start":{"line":107,"column":8},"end":{"line":109,"column":9}},"36":{"start":{"line":108,"column":10},"end":{"line":108,"column":19}},"37":{"start":{"line":113,"column":6},"end":{"line":122,"column":7}},"38":{"start":{"line":121,"column":8},"end":{"line":121,"column":30}},"39":{"start":{"line":125,"column":4},"end":{"line":125,"column":22}},"40":{"start":{"line":139,"column":26},"end":{"line":139,"column":68}},"41":{"start":{"line":142,"column":4},"end":{"line":144,"column":5}},"42":{"start":{"line":143,"column":6},"end":{"line":143,"column":19}},"43":{"start":{"line":147,"column":22},"end":{"line":147,"column":51}},"44":{"start":{"line":148,"column":27},"end":{"line":148,"column":47}},"45":{"start":{"line":150,"column":4},"end":{"line":152,"column":5}},"46":{"start":{"line":151,"column":6},"end":{"line":151,"column":19}},"47":{"start":{"line":155,"column":4},"end":{"line":155,"column":16}},"48":{"start":{"line":166,"column":19},"end":{"line":166,"column":48}},"49":{"start":{"line":167,"column":4},"end":{"line":175,"column":5}},"50":{"start":{"line":168,"column":20},"end":{"line":173,"column":7}},"51":{"start":{"line":174,"column":6},"end":{"line":174,"column":40}},"52":{"start":{"line":174,"column":28},"end":{"line":174,"column":40}},"53":{"start":{"line":176,"column":4},"end":{"line":176,"column":17}},"54":{"start":{"line":188,"column":4},"end":{"line":191,"column":6}},"55":{"start":{"line":203,"column":4},"end":{"line":206,"column":6}},"56":{"start":{"line":210,"column":0},"end":{"line":210,"column":31}}},"fnMap":{"0":{"name":"(anonymous_0)","decl":{"start":{"line":11,"column":2},"end":{"line":11,"column":3}},"loc":{"start":{"line":11,"column":33},"end":{"line":28,"column":3}},"line":11},"1":{"name":"(anonymous_1)","decl":{"start":{"line":38,"column":2},"end":{"line":38,"column":3}},"loc":{"start":{"line":38,"column":58},"end":{"line":49,"column":3}},"line":38},"2":{"name":"(anonymous_2)","decl":{"start":{"line":62,"column":2},"end":{"line":62,"column":3}},"loc":{"start":{"line":62,"column":87},"end":{"line":85,"column":3}},"line":62},"3":{"name":"(anonymous_3)","decl":{"start":{"line":97,"column":2},"end":{"line":97,"column":3}},"loc":{"start":{"line":97,"column":57},"end":{"line":126,"column":3}},"line":97},"4":{"name":"(anonymous_4)","decl":{"start":{"line":138,"column":2},"end":{"line":138,"column":3}},"loc":{"start":{"line":138,"column":49},"end":{"line":156,"column":3}},"line":138},"5":{"name":"(anonymous_5)","decl":{"start":{"line":165,"column":2},"end":{"line":165,"column":3}},"loc":{"start":{"line":165,"column":54},"end":{"line":177,"column":3}},"line":165},"6":{"name":"(anonymous_6)","decl":{"start":{"line":187,"column":2},"end":{"line":187,"column":3}},"loc":{"start":{"line":187,"column":52},"end":{"line":192,"column":3}},"line":187},"7":{"name":"(anonymous_7)","decl":{"start":{"line":202,"column":2},"end":{"line":202,"column":3}},"loc":{"start":{"line":202,"column":52},"end":{"line":207,"column":3}},"line":202}},"branchMap":{"0":{"loc":{"start":{"line":13,"column":4},"end":{"line":13,"column":31}},"type":"if","locations":[{"start":{"line":13,"column":4},"end":{"line":13,"column":31}},{"start":{},"end":{}}],"line":13},"1":{"loc":{"start":{"line":15,"column":26},"end":{"line":15,"column":63}},"type":"cond-expr","locations":[{"start":{"line":15,"column":46},"end":{"line":15,"column":53}},{"start":{"line":15,"column":56},"end":{"line":15,"column":63}}],"line":15},"2":{"loc":{"start":{"line":21,"column":8},"end":{"line":23,"column":9}},"type":"if","locations":[{"start":{"line":21,"column":8},"end":{"line":23,"column":9}},{"start":{},"end":{}}],"line":21},"3":{"loc":{"start":{"line":21,"column":12},"end":{"line":21,"column":64}},"type":"binary-expr","locations":[{"start":{"line":21,"column":12},"end":{"line":21,"column":36}},{"start":{"line":21,"column":40},"end":{"line":21,"column":64}}],"line":21},"4":{"loc":{"start":{"line":43,"column":8},"end":{"line":45,"column":9}},"type":"if","locations":[{"start":{"line":43,"column":8},"end":{"line":45,"column":9}},{"start":{},"end":{}}],"line":43},"5":{"loc":{"start":{"line":43,"column":12},"end":{"line":43,"column":48}},"type":"binary-expr","locations":[{"start":{"line":43,"column":12},"end":{"line":43,"column":28}},{"start":{"line":43,"column":32},"end":{"line":43,"column":48}}],"line":43},"6":{"loc":{"start":{"line":64,"column":4},"end":{"line":64,"column":28}},"type":"if","locations":[{"start":{"line":64,"column":4},"end":{"line":64,"column":28}},{"start":{},"end":{}}],"line":64},"7":{"loc":{"start":{"line":70,"column":4},"end":{"line":78,"column":5}},"type":"if","locations":[{"start":{"line":70,"column":4},"end":{"line":78,"column":5}},{"start":{},"end":{}}],"line":70},"8":{"loc":{"start":{"line":71,"column":6},"end":{"line":74,"column":38}},"type":"binary-expr","locations":[{"start":{"line":71,"column":6},"end":{"line":71,"column":38}},{"start":{"line":72,"column":9},"end":{"line":72,"column":24}},{"start":{"line":73,"column":9},"end":{"line":73,"column":38}},{"start":{"line":74,"column":9},"end":{"line":74,"column":38}}],"line":71},"9":{"loc":{"start":{"line":99,"column":4},"end":{"line":99,"column":26}},"type":"if","locations":[{"start":{"line":99,"column":4},"end":{"line":99,"column":26}},{"start":{},"end":{}}],"line":99},"10":{"loc":{"start":{"line":106,"column":6},"end":{"line":110,"column":7}},"type":"if","locations":[{"start":{"line":106,"column":6},"end":{"line":110,"column":7}},{"start":{},"end":{}}],"line":106},"11":{"loc":{"start":{"line":106,"column":10},"end":{"line":106,"column":70}},"type":"binary-expr","locations":[{"start":{"line":106,"column":10},"end":{"line":106,"column":36}},{"start":{"line":106,"column":40},"end":{"line":106,"column":70}}],"line":106},"12":{"loc":{"start":{"line":107,"column":8},"end":{"line":109,"column":9}},"type":"if","locations":[{"start":{"line":107,"column":8},"end":{"line":109,"column":9}},{"start":{},"end":{}}],"line":107},"13":{"loc":{"start":{"line":113,"column":6},"end":{"line":122,"column":7}},"type":"if","locations":[{"start":{"line":113,"column":6},"end":{"line":122,"column":7}},{"start":{},"end":{}}],"line":113},"14":{"loc":{"start":{"line":139,"column":26},"end":{"line":139,"column":68}},"type":"cond-expr","locations":[{"start":{"line":139,"column":51},"end":{"line":139,"column":58}},{"start":{"line":139,"column":61},"end":{"line":139,"column":68}}],"line":139},"15":{"loc":{"start":{"line":142,"column":4},"end":{"line":144,"column":5}},"type":"if","locations":[{"start":{"line":142,"column":4},"end":{"line":144,"column":5}},{"start":{},"end":{}}],"line":142},"16":{"loc":{"start":{"line":147,"column":22},"end":{"line":147,"column":51}},"type":"cond-expr","locations":[{"start":{"line":147,"column":45},"end":{"line":147,"column":46}},{"start":{"line":147,"column":49},"end":{"line":147,"column":51}}],"line":147},"17":{"loc":{"start":{"line":150,"column":4},"end":{"line":152,"column":5}},"type":"if","locations":[{"start":{"line":150,"column":4},"end":{"line":152,"column":5}},{"start":{},"end":{}}],"line":150},"18":{"loc":{"start":{"line":174,"column":6},"end":{"line":174,"column":40}},"type":"if","locations":[{"start":{"line":174,"column":6},"end":{"line":174,"column":40}},{"start":{},"end":{}}],"line":174},"19":{"loc":{"start":{"line":189,"column":6},"end":{"line":190,"column":68}},"type":"binary-expr","locations":[{"start":{"line":189,"column":6},"end":{"line":189,"column":43}},{"start":{"line":190,"column":9},"end":{"line":190,"column":68}}],"line":189},"20":{"loc":{"start":{"line":204,"column":6},"end":{"line":205,"column":68}},"type":"binary-expr","locations":[{"start":{"line":204,"column":6},"end":{"line":204,"column":44}},{"start":{"line":205,"column":9},"end":{"line":205,"column":68}}],"line":204}},"s":{"0":272,"1":272,"2":0,"3":272,"4":272,"5":272,"6":3509,"7":3509,"8":6713,"9":75,"10":197,"11":6,"12":6,"13":37,"14":37,"15":78,"16":2,"17":4,"18":222,"19":222,"20":0,"21":222,"22":222,"23":222,"24":2,"25":222,"26":222,"27":222,"28":130,"29":130,"30":0,"31":130,"32":130,"33":130,"34":222,"35":5,"36":2,"37":220,"38":156,"39":130,"40":5,"41":5,"42":1,"43":4,"44":4,"45":4,"46":1,"47":3,"48":36,"49":36,"50":88,"51":88,"52":32,"53":4,"54":3,"55":3,"56":3},"f":{"0":272,"1":6,"2":222,"3":130,"4":5,"5":36,"6":3,"7":3},"b":{"0":[0,272],"1":[177,95],"2":[75,6638],"3":[6713,185],"4":[2,76],"5":[78,6],"6":[0,222],"7":[2,220],"8":[222,111,34,4],"9":[0,130],"10":[5,217],"11":[222,39],"12":[2,3],"13":[156,64],"14":[5,0],"15":[1,4],"16":[3,1],"17":[1,3],"18":[32,56],"19":[3,2],"20":[3,2]},"_coverageSchema":"1a1c01bbd47fc00a2c39e90264f33305004495a9","hash":"0d38fd8585ea6fd3c6518fc2688bcde18b2684f2"}
,"/Users/hemantkumar/code/tekion/src/engine/pieces/Bishop.js": {"path":"/Users/hemantkumar/code/tekion/src/engine/pieces/Bishop.js","statementMap":{"0":{"start":{"line":1,"column":14},"end":{"line":1,"column":32}},"1":{"start":{"line":5,"column":4},"end":{"line":5,"column":20}},"2":{"start":{"line":9,"column":4},"end":{"line":9,"column":46}},"3":{"start":{"line":13,"column":23},"end":{"line":15,"column":5}},"4":{"start":{"line":17,"column":4},"end":{"line":17,"column":89}},"5":{"start":{"line":17,"column":48},"end":{"line":17,"column":87}},"6":{"start":{"line":21,"column":0},"end":{"line":21,"column":24}}},"fnMap":{"0":{"name":"(anonymous_0)","decl":{"start":{"line":4,"column":2},"end":{"line":4,"column":3}},"loc":{"start":{"line":4,"column":12},"end":{"line":6,"column":3}},"line":4},"1":{"name":"(anonymous_1)","decl":{"start":{"line":8,"column":2},"end":{"line":8,"column":3}},"loc":{"start":{"line":8,"column":14},"end":{"line":10,"column":3}},"line":8},"2":{"name":"(anonymous_2)","decl":{"start":{"line":12,"column":2},"end":{"line":12,"column":3}},"loc":{"start":{"line":12,"column":29},"end":{"line":18,"column":3}},"line":12},"3":{"name":"(anonymous_3)","decl":{"start":{"line":17,"column":30},"end":{"line":17,"column":31}},"loc":{"start":{"line":17,"column":48},"end":{"line":17,"column":87}},"line":17}},"branchMap":{"0":{"loc":{"start":{"line":9,"column":11},"end":{"line":9,"column":45}},"type":"cond-expr","locations":[{"start":{"line":9,"column":36},"end":{"line":9,"column":39}},{"start":{"line":9,"column":42},"end":{"line":9,"column":45}}],"line":9}},"s":{"0":5,"1":1366,"2":148,"3":437,"4":437,"5":1748,"6":5},"f":{"0":1366,"1":148,"2":437,"3":1748},"b":{"0":[74,74]},"_coverageSchema":"1a1c01bbd47fc00a2c39e90264f33305004495a9","hash":"5683cc20b836df64c5e4de71828e090fe674a89e"}
,"/Users/hemantkumar/code/tekion/src/engine/pieces/King.js": {"path":"/Users/hemantkumar/code/tekion/src/engine/pieces/King.js","statementMap":{"0":{"start":{"line":1,"column":14},"end":{"line":1,"column":32}},"1":{"start":{"line":5,"column":4},"end":{"line":5,"column":18}},"2":{"start":{"line":9,"column":4},"end":{"line":9,"column":46}},"3":{"start":{"line":13,"column":18},"end":{"line":13,"column":20}},"4":{"start":{"line":14,"column":20},"end":{"line":18,"column":5}},"5":{"start":{"line":21,"column":4},"end":{"line":30,"column":5}},"6":{"start":{"line":22,"column":16},"end":{"line":22,"column":31}},"7":{"start":{"line":23,"column":16},"end":{"line":23,"column":31}},"8":{"start":{"line":24,"column":6},"end":{"line":29,"column":7}},"9":{"start":{"line":25,"column":23},"end":{"line":25,"column":43}},"10":{"start":{"line":26,"column":8},"end":{"line":28,"column":9}},"11":{"start":{"line":27,"column":10},"end":{"line":27,"column":41}},"12":{"start":{"line":33,"column":4},"end":{"line":60,"column":5}},"13":{"start":{"line":35,"column":27},"end":{"line":35,"column":54}},"14":{"start":{"line":36,"column":6},"end":{"line":45,"column":7}},"15":{"start":{"line":44,"column":8},"end":{"line":44,"column":46}},"16":{"start":{"line":48,"column":28},"end":{"line":48,"column":55}},"17":{"start":{"line":49,"column":6},"end":{"line":59,"column":7}},"18":{"start":{"line":58,"column":8},"end":{"line":58,"column":46}},"19":{"start":{"line":62,"column":4},"end":{"line":62,"column":17}},"20":{"start":{"line":66,"column":0},"end":{"line":66,"column":22}}},"fnMap":{"0":{"name":"(anonymous_0)","decl":{"start":{"line":4,"column":2},"end":{"line":4,"column":3}},"loc":{"start":{"line":4,"column":12},"end":{"line":6,"column":3}},"line":4},"1":{"name":"(anonymous_1)","decl":{"start":{"line":8,"column":2},"end":{"line":8,"column":3}},"loc":{"start":{"line":8,"column":14},"end":{"line":10,"column":3}},"line":8},"2":{"name":"(anonymous_2)","decl":{"start":{"line":12,"column":2},"end":{"line":12,"column":3}},"loc":{"start":{"line":12,"column":29},"end":{"line":63,"column":3}},"line":12}},"branchMap":{"0":{"loc":{"start":{"line":9,"column":11},"end":{"line":9,"column":45}},"type":"cond-expr","locations":[{"start":{"line":9,"column":36},"end":{"line":9,"column":39}},{"start":{"line":9,"column":42},"end":{"line":9,"column":45}}],"line":9},"1":{"loc":{"start":{"line":24,"column":6},"end":{"line":29,"column":7}},"type":"if","locations":[{"start":{"line":24,"column":6},"end":{"line":29,"column":7}},{"start":{},"end":{}}],"line":24},"2":{"loc":{"start":{"line":26,"column":8},"end":{"line":28,"column":9}},"type":"if","locations":[{"start":{"line":26,"column":8},"end":{"line":28,"column":9}},{"start":{},"end":{}}],"line":26},"3":{"loc":{"start":{"line":26,"column":12},"end":{"line":26,"column":50}},"type":"binary-expr","locations":[{"start":{"line":26,"column":12},"end":{"line":26,"column":19}},{"start":{"line":26,"column":23},"end":{"line":26,"column":50}}],"line":26},"4":{"loc":{"start":{"line":33,"column":4},"end":{"line":60,"column":5}},"type":"if","locations":[{"start":{"line":33,"column":4},"end":{"line":60,"column":5}},{"start":{},"end":{}}],"line":33},"5":{"loc":{"start":{"line":36,"column":6},"end":{"line":45,"column":7}},"type":"if","locations":[{"start":{"line":36,"column":6},"end":{"line":45,"column":7}},{"start":{},"end":{}}],"line":36},"6":{"loc":{"start":{"line":37,"column":8},"end":{"line":42,"column":39}},"type":"binary-expr","locations":[{"start":{"line":37,"column":8},"end":{"line":37,"column":20}},{"start":{"line":38,"column":11},"end":{"line":38,"column":44}},{"start":{"line":39,"column":11},"end":{"line":39,"column":44}},{"start":{"line":40,"column":11},"end":{"line":40,"column":33}},{"start":{"line":41,"column":11},"end":{"line":41,"column":39}},{"start":{"line":42,"column":11},"end":{"line":42,"column":39}}],"line":37},"7":{"loc":{"start":{"line":49,"column":6},"end":{"line":59,"column":7}},"type":"if","locations":[{"start":{"line":49,"column":6},"end":{"line":59,"column":7}},{"start":{},"end":{}}],"line":49},"8":{"loc":{"start":{"line":50,"column":8},"end":{"line":56,"column":39}},"type":"binary-expr","locations":[{"start":{"line":50,"column":8},"end":{"line":50,"column":21}},{"start":{"line":51,"column":11},"end":{"line":51,"column":45}},{"start":{"line":52,"column":11},"end":{"line":52,"column":45}},{"start":{"line":53,"column":11},"end":{"line":53,"column":34}},{"start":{"line":54,"column":11},"end":{"line":54,"column":39}},{"start":{"line":55,"column":11},"end":{"line":55,"column":39}},{"start":{"line":56,"column":11},"end":{"line":56,"column":39}}],"line":50}},"s":{"0":5,"1":1095,"2":74,"3":285,"4":285,"5":285,"6":2280,"7":2280,"8":2280,"9":1353,"10":1353,"11":441,"12":285,"13":275,"14":275,"15":5,"16":275,"17":275,"18":8,"19":285,"20":5},"f":{"0":1095,"1":74,"2":285},"b":{"0":[37,37],"1":[1353,927],"2":[441,912],"3":[1353,912],"4":[275,10],"5":[5,270],"6":[275,223,221,221,220,5],"7":[8,267],"8":[275,261,220,218,218,11,8]},"_coverageSchema":"1a1c01bbd47fc00a2c39e90264f33305004495a9","hash":"dcc0503ad404fce65bdc55448252c938e7105f3f"}
,"/Users/hemantkumar/code/tekion/src/engine/pieces/Knight.js": {"path":"/Users/hemantkumar/code/tekion/src/engine/pieces/Knight.js","statementMap":{"0":{"start":{"line":1,"column":14},"end":{"line":1,"column":32}},"1":{"start":{"line":5,"column":4},"end":{"line":5,"column":20}},"2":{"start":{"line":9,"column":4},"end":{"line":9,"column":46}},"3":{"start":{"line":13,"column":18},"end":{"line":13,"column":20}},"4":{"start":{"line":14,"column":20},"end":{"line":17,"column":5}},"5":{"start":{"line":19,"column":4},"end":{"line":29,"column":5}},"6":{"start":{"line":20,"column":16},"end":{"line":20,"column":31}},"7":{"start":{"line":21,"column":16},"end":{"line":21,"column":31}},"8":{"start":{"line":23,"column":6},"end":{"line":28,"column":7}},"9":{"start":{"line":24,"column":23},"end":{"line":24,"column":43}},"10":{"start":{"line":25,"column":8},"end":{"line":27,"column":9}},"11":{"start":{"line":26,"column":10},"end":{"line":26,"column":41}},"12":{"start":{"line":31,"column":4},"end":{"line":31,"column":17}},"13":{"start":{"line":35,"column":0},"end":{"line":35,"column":24}}},"fnMap":{"0":{"name":"(anonymous_0)","decl":{"start":{"line":4,"column":2},"end":{"line":4,"column":3}},"loc":{"start":{"line":4,"column":12},"end":{"line":6,"column":3}},"line":4},"1":{"name":"(anonymous_1)","decl":{"start":{"line":8,"column":2},"end":{"line":8,"column":3}},"loc":{"start":{"line":8,"column":14},"end":{"line":10,"column":3}},"line":8},"2":{"name":"(anonymous_2)","decl":{"start":{"line":12,"column":2},"end":{"line":12,"column":3}},"loc":{"start":{"line":12,"column":29},"end":{"line":32,"column":3}},"line":12}},"branchMap":{"0":{"loc":{"start":{"line":9,"column":11},"end":{"line":9,"column":45}},"type":"cond-expr","locations":[{"start":{"line":9,"column":36},"end":{"line":9,"column":39}},{"start":{"line":9,"column":42},"end":{"line":9,"column":45}}],"line":9},"1":{"loc":{"start":{"line":23,"column":6},"end":{"line":28,"column":7}},"type":"if","locations":[{"start":{"line":23,"column":6},"end":{"line":28,"column":7}},{"start":{},"end":{}}],"line":23},"2":{"loc":{"start":{"line":25,"column":8},"end":{"line":27,"column":9}},"type":"if","locations":[{"start":{"line":25,"column":8},"end":{"line":27,"column":9}},{"start":{},"end":{}}],"line":25},"3":{"loc":{"start":{"line":25,"column":12},"end":{"line":25,"column":50}},"type":"binary-expr","locations":[{"start":{"line":25,"column":12},"end":{"line":25,"column":19}},{"start":{"line":25,"column":23},"end":{"line":25,"column":50}}],"line":25}},"s":{"0":5,"1":1401,"2":148,"3":460,"4":460,"5":460,"6":3680,"7":3680,"8":3680,"9":1411,"10":1411,"11":1064,"12":460,"13":5},"f":{"0":1401,"1":148,"2":460},"b":{"0":[74,74],"1":[1411,2269],"2":[1064,347],"3":[1411,352]},"_coverageSchema":"1a1c01bbd47fc00a2c39e90264f33305004495a9","hash":"34c91b5424a00b44b0025ae1cf003317010b23f6"}
,"/Users/hemantkumar/code/tekion/src/engine/pieces/Pawn.js": {"path":"/Users/hemantkumar/code/tekion/src/engine/pieces/Pawn.js","statementMap":{"0":{"start":{"line":1,"column":14},"end":{"line":1,"column":32}},"1":{"start":{"line":5,"column":4},"end":{"line":5,"column":18}},"2":{"start":{"line":9,"column":4},"end":{"line":9,"column":46}},"3":{"start":{"line":16,"column":4},"end":{"line":16,"column":43}},"4":{"start":{"line":23,"column":4},"end":{"line":23,"column":54}},"5":{"start":{"line":30,"column":4},"end":{"line":30,"column":42}},"6":{"start":{"line":34,"column":18},"end":{"line":34,"column":20}},"7":{"start":{"line":35,"column":16},"end":{"line":35,"column":35}},"8":{"start":{"line":36,"column":25},"end":{"line":36,"column":29}},"9":{"start":{"line":37,"column":23},"end":{"line":37,"column":32}},"10":{"start":{"line":40,"column":4},"end":{"line":53,"column":5}},"11":{"start":{"line":41,"column":6},"end":{"line":41,"column":43}},"12":{"start":{"line":44,"column":23},"end":{"line":44,"column":51}},"13":{"start":{"line":45,"column":24},"end":{"line":45,"column":37}},"14":{"start":{"line":46,"column":6},"end":{"line":52,"column":7}},"15":{"start":{"line":51,"column":8},"end":{"line":51,"column":44}},"16":{"start":{"line":56,"column":4},"end":{"line":73,"column":5}},"17":{"start":{"line":57,"column":25},"end":{"line":57,"column":33}},"18":{"start":{"line":58,"column":6},"end":{"line":72,"column":7}},"19":{"start":{"line":59,"column":23},"end":{"line":59,"column":61}},"20":{"start":{"line":60,"column":8},"end":{"line":62,"column":9}},"21":{"start":{"line":61,"column":10},"end":{"line":61,"column":59}},"22":{"start":{"line":65,"column":8},"end":{"line":71,"column":9}},"23":{"start":{"line":70,"column":10},"end":{"line":70,"column":59}},"24":{"start":{"line":75,"column":4},"end":{"line":75,"column":17}},"25":{"start":{"line":79,"column":0},"end":{"line":79,"column":22}}},"fnMap":{"0":{"name":"(anonymous_0)","decl":{"start":{"line":4,"column":2},"end":{"line":4,"column":3}},"loc":{"start":{"line":4,"column":12},"end":{"line":6,"column":3}},"line":4},"1":{"name":"(anonymous_1)","decl":{"start":{"line":8,"column":2},"end":{"line":8,"column":3}},"loc":{"start":{"line":8,"column":14},"end":{"line":10,"column":3}},"line":8},"2":{"name":"(anonymous_2)","decl":{"start":{"line":15,"column":2},"end":{"line":15,"column":3}},"loc":{"start":{"line":15,"column":17},"end":{"line":17,"column":3}},"line":15},"3":{"name":"(anonymous_3)","decl":{"start":{"line":22,"column":2},"end":{"line":22,"column":3}},"loc":{"start":{"line":22,"column":25},"end":{"line":24,"column":3}},"line":22},"4":{"name":"(anonymous_4)","decl":{"start":{"line":29,"column":2},"end":{"line":29,"column":3}},"loc":{"start":{"line":29,"column":20},"end":{"line":31,"column":3}},"line":29},"5":{"name":"(anonymous_5)","decl":{"start":{"line":33,"column":2},"end":{"line":33,"column":3}},"loc":{"start":{"line":33,"column":46},"end":{"line":76,"column":3}},"line":33}},"branchMap":{"0":{"loc":{"start":{"line":9,"column":11},"end":{"line":9,"column":45}},"type":"cond-expr","locations":[{"start":{"line":9,"column":36},"end":{"line":9,"column":39}},{"start":{"line":9,"column":42},"end":{"line":9,"column":45}}],"line":9},"1":{"loc":{"start":{"line":16,"column":11},"end":{"line":16,"column":42}},"type":"cond-expr","locations":[{"start":{"line":16,"column":36},"end":{"line":16,"column":38}},{"start":{"line":16,"column":41},"end":{"line":16,"column":42}}],"line":16},"2":{"loc":{"start":{"line":23,"column":11},"end":{"line":23,"column":53}},"type":"cond-expr","locations":[{"start":{"line":23,"column":36},"end":{"line":23,"column":49}},{"start":{"line":23,"column":52},"end":{"line":23,"column":53}}],"line":23},"3":{"loc":{"start":{"line":30,"column":11},"end":{"line":30,"column":41}},"type":"cond-expr","locations":[{"start":{"line":30,"column":36},"end":{"line":30,"column":37}},{"start":{"line":30,"column":40},"end":{"line":30,"column":41}}],"line":30},"4":{"loc":{"start":{"line":40,"column":4},"end":{"line":53,"column":5}},"type":"if","locations":[{"start":{"line":40,"column":4},"end":{"line":53,"column":5}},{"start":{},"end":{}}],"line":40},"5":{"loc":{"start":{"line":40,"column":8},"end":{"line":40,"column":77}},"type":"binary-expr","locations":[{"start":{"line":40,"column":8},"end":{"line":40,"column":41}},{"start":{"line":40,"column":45},"end":{"line":40,"column":77}}],"line":40},"6":{"loc":{"start":{"line":46,"column":6},"end":{"line":52,"column":7}},"type":"if","locations":[{"start":{"line":46,"column":6},"end":{"line":52,"column":7}},{"start":{},"end":{}}],"line":46},"7":{"loc":{"start":{"line":47,"column":8},"end":{"line":49,"column":42}},"type":"binary-expr","locations":[{"start":{"line":47,"column":8},"end":{"line":47,"column":24}},{"start":{"line":48,"column":11},"end":{"line":48,"column":43}},{"start":{"line":49,"column":11},"end":{"line":49,"column":42}}],"line":47},"8":{"loc":{"start":{"line":58,"column":6},"end":{"line":72,"column":7}},"type":"if","locations":[{"start":{"line":58,"column":6},"end":{"line":72,"column":7}},{"start":{},"end":{}}],"line":58},"9":{"loc":{"start":{"line":60,"column":8},"end":{"line":62,"column":9}},"type":"if","locations":[{"start":{"line":60,"column":8},"end":{"line":62,"column":9}},{"start":{},"end":{}}],"line":60},"10":{"loc":{"start":{"line":60,"column":12},"end":{"line":60,"column":49}},"type":"binary-expr","locations":[{"start":{"line":60,"column":12},"end":{"line":60,"column":18}},{"start":{"line":60,"column":22},"end":{"line":60,"column":49}}],"line":60},"11":{"loc":{"start":{"line":65,"column":8},"end":{"line":71,"column":9}},"type":"if","locations":[{"start":{"line":65,"column":8},"end":{"line":71,"column":9}},{"start":{},"end":{}}],"line":65},"12":{"loc":{"start":{"line":66,"column":10},"end":{"line":68,"column":47}},"type":"binary-expr","locations":[{"start":{"line":66,"column":10},"end":{"line":66,"column":25}},{"start":{"line":67,"column":13},"end":{"line":67,"column":47}},{"start":{"line":68,"column":13},"end":{"line":68,"column":47}}],"line":66}},"s":{"0":5,"1":5851,"2":592,"3":1791,"4":1771,"5":0,"6":1791,"7":1791,"8":1791,"9":1791,"10":1791,"11":1771,"12":1771,"13":1771,"14":1771,"15":1585,"16":1791,"17":3582,"18":3582,"19":3146,"20":3146,"21":91,"22":3146,"23":4,"24":1791,"25":5},"f":{"0":5851,"1":592,"2":1791,"3":1771,"4":0,"5":1791},"b":{"0":[296,296],"1":[775,1016],"2":[765,1006],"3":[0,0],"4":[1771,20],"5":[1791,1791],"6":[1585,186],"7":[1771,1602,1602],"8":[3146,436],"9":[91,3055],"10":[3146,108],"11":[4,3142],"12":[3146,38,8]},"_coverageSchema":"1a1c01bbd47fc00a2c39e90264f33305004495a9","hash":"c357c6f0356dc4345b0176e51f09eae26f421061"}
,"/Users/hemantkumar/code/tekion/src/engine/pieces/Piece.js": {"path":"/Users/hemantkumar/code/tekion/src/engine/pieces/Piece.js","statementMap":{"0":{"start":{"line":12,"column":4},"end":{"line":12,"column":23}},"1":{"start":{"line":13,"column":4},"end":{"line":13,"column":19}},"2":{"start":{"line":14,"column":4},"end":{"line":14,"column":19}},"3":{"start":{"line":15,"column":4},"end":{"line":15,"column":26}},"4":{"start":{"line":23,"column":4},"end":{"line":23,"column":65}},"5":{"start":{"line":31,"column":4},"end":{"line":31,"column":67}},"6":{"start":{"line":42,"column":4},"end":{"line":42,"column":77}},"7":{"start":{"line":54,"column":18},"end":{"line":54,"column":20}},"8":{"start":{"line":55,"column":12},"end":{"line":55,"column":27}},"9":{"start":{"line":56,"column":12},"end":{"line":56,"column":27}},"10":{"start":{"line":58,"column":4},"end":{"line":70,"column":5}},"11":{"start":{"line":59,"column":21},"end":{"line":59,"column":41}},"12":{"start":{"line":60,"column":6},"end":{"line":67,"column":7}},"13":{"start":{"line":61,"column":8},"end":{"line":61,"column":39}},"14":{"start":{"line":63,"column":8},"end":{"line":65,"column":9}},"15":{"start":{"line":64,"column":10},"end":{"line":64,"column":41}},"16":{"start":{"line":66,"column":8},"end":{"line":66,"column":14}},"17":{"start":{"line":68,"column":6},"end":{"line":68,"column":16}},"18":{"start":{"line":69,"column":6},"end":{"line":69,"column":16}},"19":{"start":{"line":72,"column":4},"end":{"line":72,"column":17}},"20":{"start":{"line":80,"column":4},"end":{"line":86,"column":6}},"21":{"start":{"line":90,"column":0},"end":{"line":90,"column":23}}},"fnMap":{"0":{"name":"(anonymous_0)","decl":{"start":{"line":11,"column":2},"end":{"line":11,"column":3}},"loc":{"start":{"line":11,"column":31},"end":{"line":16,"column":3}},"line":11},"1":{"name":"(anonymous_1)","decl":{"start":{"line":22,"column":2},"end":{"line":22,"column":3}},"loc":{"start":{"line":22,"column":12},"end":{"line":24,"column":3}},"line":22},"2":{"name":"(anonymous_2)","decl":{"start":{"line":30,"column":2},"end":{"line":30,"column":3}},"loc":{"start":{"line":30,"column":14},"end":{"line":32,"column":3}},"line":30},"3":{"name":"(anonymous_3)","decl":{"start":{"line":41,"column":2},"end":{"line":41,"column":3}},"loc":{"start":{"line":41,"column":46},"end":{"line":43,"column":3}},"line":41},"4":{"name":"(anonymous_4)","decl":{"start":{"line":53,"column":2},"end":{"line":53,"column":3}},"loc":{"start":{"line":53,"column":37},"end":{"line":73,"column":3}},"line":53},"5":{"name":"(anonymous_5)","decl":{"start":{"line":79,"column":2},"end":{"line":79,"column":3}},"loc":{"start":{"line":79,"column":14},"end":{"line":87,"column":3}},"line":79}},"branchMap":{"0":{"loc":{"start":{"line":60,"column":6},"end":{"line":67,"column":7}},"type":"if","locations":[{"start":{"line":60,"column":6},"end":{"line":67,"column":7}},{"start":{"line":62,"column":13},"end":{"line":67,"column":7}}],"line":60},"1":{"loc":{"start":{"line":63,"column":8},"end":{"line":65,"column":9}},"type":"if","locations":[{"start":{"line":63,"column":8},"end":{"line":65,"column":9}},{"start":{},"end":{}}],"line":63}},"s":{"0":7962,"1":7962,"2":7962,"3":7962,"4":0,"5":0,"6":0,"7":5588,"8":5588,"9":5588,"10":5588,"11":4828,"12":4828,"13":2085,"14":2743,"15":210,"16":2743,"17":2085,"18":2085,"19":5588,"20":643,"21":5},"f":{"0":7962,"1":0,"2":0,"3":0,"4":5588,"5":643},"b":{"0":[2085,2743],"1":[210,2533]},"_coverageSchema":"1a1c01bbd47fc00a2c39e90264f33305004495a9","hash":"b8dbbdbb895324b368db5aa98fe5aee233646c3c"}
,"/Users/hemantkumar/code/tekion/src/engine/pieces/PieceFactory.js": {"path":"/Users/hemantkumar/code/tekion/src/engine/pieces/PieceFactory.js","statementMap":{"0":{"start":{"line":1,"column":13},"end":{"line":1,"column":30}},"1":{"start":{"line":2,"column":14},"end":{"line":2,"column":32}},"2":{"start":{"line":3,"column":13},"end":{"line":3,"column":30}},"3":{"start":{"line":4,"column":15},"end":{"line":4,"column":34}},"4":{"start":{"line":5,"column":15},"end":{"line":5,"column":34}},"5":{"start":{"line":6,"column":13},"end":{"line":6,"column":30}},"6":{"start":{"line":8,"column":18},"end":{"line":15,"column":1}},"7":{"start":{"line":28,"column":23},"end":{"line":28,"column":43}},"8":{"start":{"line":29,"column":4},"end":{"line":31,"column":5}},"9":{"start":{"line":30,"column":6},"end":{"line":30,"column":58}},"10":{"start":{"line":32,"column":18},"end":{"line":32,"column":64}},"11":{"start":{"line":33,"column":4},"end":{"line":33,"column":44}},"12":{"start":{"line":34,"column":4},"end":{"line":34,"column":17}},"13":{"start":{"line":46,"column":23},"end":{"line":46,"column":38}},"14":{"start":{"line":47,"column":4},"end":{"line":49,"column":5}},"15":{"start":{"line":48,"column":6},"end":{"line":48,"column":53}},"16":{"start":{"line":50,"column":4},"end":{"line":50,"column":43}},"17":{"start":{"line":54,"column":0},"end":{"line":54,"column":30}}},"fnMap":{"0":{"name":"(anonymous_0)","decl":{"start":{"line":27,"column":2},"end":{"line":27,"column":3}},"loc":{"start":{"line":27,"column":24},"end":{"line":35,"column":3}},"line":27},"1":{"name":"(anonymous_1)","decl":{"start":{"line":45,"column":2},"end":{"line":45,"column":3}},"loc":{"start":{"line":45,"column":39},"end":{"line":51,"column":3}},"line":45}},"branchMap":{"0":{"loc":{"start":{"line":29,"column":4},"end":{"line":31,"column":5}},"type":"if","locations":[{"start":{"line":29,"column":4},"end":{"line":31,"column":5}},{"start":{},"end":{}}],"line":29},"1":{"loc":{"start":{"line":33,"column":21},"end":{"line":33,"column":43}},"type":"binary-expr","locations":[{"start":{"line":33,"column":21},"end":{"line":33,"column":34}},{"start":{"line":33,"column":38},"end":{"line":33,"column":43}}],"line":33},"2":{"loc":{"start":{"line":47,"column":4},"end":{"line":49,"column":5}},"type":"if","locations":[{"start":{"line":47,"column":4},"end":{"line":49,"column":5}},{"start":{},"end":{}}],"line":47}},"s":{"0":5,"1":5,"2":5,"3":5,"4":5,"5":5,"6":5,"7":418,"8":418,"9":1,"10":417,"11":417,"12":417,"13":5857,"14":5857,"15":1,"16":5856,"17":5},"f":{"0":418,"1":5857},"b":{"0":[1,417],"1":[417,414],"2":[1,5856]},"_coverageSchema":"1a1c01bbd47fc00a2c39e90264f33305004495a9","hash":"12c9c40b808da000c851344991f12ac71ed64e1c"}
,"/Users/hemantkumar/code/tekion/src/engine/pieces/Queen.js": {"path":"/Users/hemantkumar/code/tekion/src/engine/pieces/Queen.js","statementMap":{"0":{"start":{"line":1,"column":14},"end":{"line":1,"column":32}},"1":{"start":{"line":5,"column":4},"end":{"line":5,"column":19}},"2":{"start":{"line":9,"column":4},"end":{"line":9,"column":46}},"3":{"start":{"line":13,"column":23},"end":{"line":16,"column":5}},"4":{"start":{"line":18,"column":4},"end":{"line":18,"column":89}},"5":{"start":{"line":18,"column":48},"end":{"line":18,"column":87}},"6":{"start":{"line":22,"column":0},"end":{"line":22,"column":23}}},"fnMap":{"0":{"name":"(anonymous_0)","decl":{"start":{"line":4,"column":2},"end":{"line":4,"column":3}},"loc":{"start":{"line":4,"column":12},"end":{"line":6,"column":3}},"line":4},"1":{"name":"(anonymous_1)","decl":{"start":{"line":8,"column":2},"end":{"line":8,"column":3}},"loc":{"start":{"line":8,"column":14},"end":{"line":10,"column":3}},"line":8},"2":{"name":"(anonymous_2)","decl":{"start":{"line":12,"column":2},"end":{"line":12,"column":3}},"loc":{"start":{"line":12,"column":29},"end":{"line":19,"column":3}},"line":12},"3":{"name":"(anonymous_3)","decl":{"start":{"line":18,"column":30},"end":{"line":18,"column":31}},"loc":{"start":{"line":18,"column":48},"end":{"line":18,"column":87}},"line":18}},"branchMap":{"0":{"loc":{"start":{"line":9,"column":11},"end":{"line":9,"column":45}},"type":"cond-expr","locations":[{"start":{"line":9,"column":36},"end":{"line":9,"column":39}},{"start":{"line":9,"column":42},"end":{"line":9,"column":45}}],"line":9}},"s":{"0":5,"1":795,"2":74,"3":226,"4":226,"5":1808,"6":5},"f":{"0":795,"1":74,"2":226,"3":1808},"b":{"0":[37,37]},"_coverageSchema":"1a1c01bbd47fc00a2c39e90264f33305004495a9","hash":"3051f49932718df393549c988e6fb61818bf7c7a"}
,"/Users/hemantkumar/code/tekion/src/engine/pieces/Rook.js": {"path":"/Users/hemantkumar/code/tekion/src/engine/pieces/Rook.js","statementMap":{"0":{"start":{"line":1,"column":14},"end":{"line":1,"column":32}},"1":{"start":{"line":5,"column":4},"end":{"line":5,"column":18}},"2":{"start":{"line":9,"column":4},"end":{"line":9,"column":46}},"3":{"start":{"line":13,"column":23},"end":{"line":15,"column":5}},"4":{"start":{"line":17,"column":4},"end":{"line":17,"column":89}},"5":{"start":{"line":17,"column":48},"end":{"line":17,"column":87}},"6":{"start":{"line":21,"column":0},"end":{"line":21,"column":22}}},"fnMap":{"0":{"name":"(anonymous_0)","decl":{"start":{"line":4,"column":2},"end":{"line":4,"column":3}},"loc":{"start":{"line":4,"column":12},"end":{"line":6,"column":3}},"line":4},"1":{"name":"(anonymous_1)","decl":{"start":{"line":8,"column":2},"end":{"line":8,"column":3}},"loc":{"start":{"line":8,"column":14},"end":{"line":10,"column":3}},"line":8},"2":{"name":"(anonymous_2)","decl":{"start":{"line":12,"column":2},"end":{"line":12,"column":3}},"loc":{"start":{"line":12,"column":29},"end":{"line":18,"column":3}},"line":12},"3":{"name":"(anonymous_3)","decl":{"start":{"line":17,"column":30},"end":{"line":17,"column":31}},"loc":{"start":{"line":17,"column":48},"end":{"line":17,"column":87}},"line":17}},"branchMap":{"0":{"loc":{"start":{"line":9,"column":11},"end":{"line":9,"column":45}},"type":"cond-expr","locations":[{"start":{"line":9,"column":36},"end":{"line":9,"column":39}},{"start":{"line":9,"column":42},"end":{"line":9,"column":45}}],"line":9}},"s":{"0":5,"1":1851,"2":148,"3":508,"4":508,"5":2032,"6":5},"f":{"0":1851,"1":148,"2":508,"3":2032},"b":{"0":[74,74]},"_coverageSchema":"1a1c01bbd47fc00a2c39e90264f33305004495a9","hash":"56cbd524f9803a42429a8dc53dd6c0e2b0e085ab"}
,"/Users/hemantkumar/code/tekion/src/routes/gameRoutes.js": {"path":"/Users/hemantkumar/code/tekion/src/routes/gameRoutes.js","statementMap":{"0":{"start":{"line":1,"column":16},"end":{"line":1,"column":34}},"1":{"start":{"line":2,"column":13},"end":{"line":2,"column":38}},"2":{"start":{"line":3,"column":14},"end":{"line":3,"column":40}},"3":{"start":{"line":5,"column":15},"end":{"line":5,"column":31}},"4":{"start":{"line":11,"column":2},"end":{"line":11,"column":33}},"5":{"start":{"line":11,"column":21},"end":{"line":11,"column":33}},"6":{"start":{"line":12,"column":2},"end":{"line":12,"column":40}},"7":{"start":{"line":20,"column":2},"end":{"line":20,"column":34}},"8":{"start":{"line":28,"column":0},"end":{"line":47,"column":3}},"9":{"start":{"line":29,"column":33},"end":{"line":29,"column":41}},"10":{"start":{"line":31,"column":21},"end":{"line":31,"column":57}},"11":{"start":{"line":32,"column":2},"end":{"line":34,"column":3}},"12":{"start":{"line":33,"column":4},"end":{"line":33,"column":62}},"13":{"start":{"line":36,"column":2},"end":{"line":46,"column":3}},"14":{"start":{"line":37,"column":17},"end":{"line":37,"column":37}},"15":{"start":{"line":38,"column":4},"end":{"line":38,"column":41}},"16":{"start":{"line":40,"column":4},"end":{"line":43,"column":7}},"17":{"start":{"line":45,"column":4},"end":{"line":45,"column":56}},"18":{"start":{"line":53,"column":0},"end":{"line":60,"column":3}},"19":{"start":{"line":54,"column":15},"end":{"line":54,"column":46}},"20":{"start":{"line":55,"column":2},"end":{"line":57,"column":3}},"21":{"start":{"line":56,"column":4},"end":{"line":56,"column":93}},"22":{"start":{"line":59,"column":2},"end":{"line":59,"column":46}},"23":{"start":{"line":67,"column":0},"end":{"line":118,"column":3}},"24":{"start":{"line":68,"column":15},"end":{"line":68,"column":46}},"25":{"start":{"line":69,"column":2},"end":{"line":71,"column":3}},"26":{"start":{"line":70,"column":4},"end":{"line":70,"column":93}},"27":{"start":{"line":73,"column":44},"end":{"line":73,"column":52}},"28":{"start":{"line":74,"column":2},"end":{"line":76,"column":3}},"29":{"start":{"line":75,"column":4},"end":{"line":75,"column":90}},"30":{"start":{"line":82,"column":2},"end":{"line":89,"column":3}},"31":{"start":{"line":83,"column":4},"end":{"line":83,"column":40}},"32":{"start":{"line":84,"column":4},"end":{"line":86,"column":5}},"33":{"start":{"line":85,"column":6},"end":{"line":85,"column":81}},"34":{"start":{"line":88,"column":4},"end":{"line":88,"column":47}},"35":{"start":{"line":91,"column":2},"end":{"line":98,"column":3}},"36":{"start":{"line":92,"column":4},"end":{"line":92,"column":36}},"37":{"start":{"line":93,"column":4},"end":{"line":95,"column":5}},"38":{"start":{"line":94,"column":6},"end":{"line":94,"column":77}},"39":{"start":{"line":97,"column":4},"end":{"line":97,"column":41}},"40":{"start":{"line":100,"column":17},"end":{"line":100,"column":89}},"41":{"start":{"line":102,"column":2},"end":{"line":104,"column":3}},"42":{"start":{"line":103,"column":4},"end":{"line":103,"column":58}},"43":{"start":{"line":106,"column":2},"end":{"line":106,"column":39}},"44":{"start":{"line":108,"column":2},"end":{"line":117,"column":5}},"45":{"start":{"line":125,"column":0},"end":{"line":166,"column":3}},"46":{"start":{"line":126,"column":15},"end":{"line":126,"column":46}},"47":{"start":{"line":127,"column":2},"end":{"line":129,"column":3}},"48":{"start":{"line":128,"column":4},"end":{"line":128,"column":93}},"49":{"start":{"line":131,"column":21},"end":{"line":131,"column":30}},"50":{"start":{"line":132,"column":23},"end":{"line":132,"column":32}},"51":{"start":{"line":134,"column":2},"end":{"line":143,"column":3}},"52":{"start":{"line":135,"column":16},"end":{"line":135,"column":45}},"53":{"start":{"line":136,"column":4},"end":{"line":138,"column":5}},"54":{"start":{"line":137,"column":6},"end":{"line":137,"column":78}},"55":{"start":{"line":139,"column":4},"end":{"line":139,"column":25}},"56":{"start":{"line":141,"column":4},"end":{"line":141,"column":28}},"57":{"start":{"line":142,"column":4},"end":{"line":142,"column":28}},"58":{"start":{"line":145,"column":2},"end":{"line":147,"column":3}},"59":{"start":{"line":146,"column":4},"end":{"line":146,"column":104}},"60":{"start":{"line":149,"column":16},"end":{"line":149,"column":45}},"61":{"start":{"line":150,"column":2},"end":{"line":152,"column":3}},"62":{"start":{"line":151,"column":4},"end":{"line":151,"column":81}},"63":{"start":{"line":154,"column":16},"end":{"line":154,"column":44}},"64":{"start":{"line":155,"column":25},"end":{"line":155,"column":74}},"65":{"start":{"line":155,"column":42},"end":{"line":155,"column":73}},"66":{"start":{"line":157,"column":2},"end":{"line":165,"column":5}},"67":{"start":{"line":172,"column":0},"end":{"line":175,"column":3}},"68":{"start":{"line":173,"column":2},"end":{"line":173,"column":26}},"69":{"start":{"line":174,"column":2},"end":{"line":174,"column":54}},"70":{"start":{"line":177,"column":0},"end":{"line":177,"column":24}}},"fnMap":{"0":{"name":"getGameFromSession","decl":{"start":{"line":10,"column":9},"end":{"line":10,"column":27}},"loc":{"start":{"line":10,"column":37},"end":{"line":13,"column":1}},"line":10},"1":{"name":"saveGameToSession","decl":{"start":{"line":18,"column":9},"end":{"line":18,"column":26}},"loc":{"start":{"line":18,"column":42},"end":{"line":21,"column":1}},"line":18},"2":{"name":"(anonymous_2)","decl":{"start":{"line":28,"column":21},"end":{"line":28,"column":22}},"loc":{"start":{"line":28,"column":35},"end":{"line":47,"column":1}},"line":28},"3":{"name":"(anonymous_3)","decl":{"start":{"line":53,"column":20},"end":{"line":53,"column":21}},"loc":{"start":{"line":53,"column":34},"end":{"line":60,"column":1}},"line":53},"4":{"name":"(anonymous_4)","decl":{"start":{"line":67,"column":26},"end":{"line":67,"column":27}},"loc":{"start":{"line":67,"column":40},"end":{"line":118,"column":1}},"line":67},"5":{"name":"(anonymous_5)","decl":{"start":{"line":125,"column":32},"end":{"line":125,"column":33}},"loc":{"start":{"line":125,"column":46},"end":{"line":166,"column":1}},"line":125},"6":{"name":"(anonymous_6)","decl":{"start":{"line":155,"column":35},"end":{"line":155,"column":36}},"loc":{"start":{"line":155,"column":42},"end":{"line":155,"column":73}},"line":155},"7":{"name":"(anonymous_7)","decl":{"start":{"line":172,"column":23},"end":{"line":172,"column":24}},"loc":{"start":{"line":172,"column":37},"end":{"line":175,"column":1}},"line":172}},"branchMap":{"0":{"loc":{"start":{"line":11,"column":2},"end":{"line":11,"column":33}},"type":"if","locations":[{"start":{"line":11,"column":2},"end":{"line":11,"column":33}},{"start":{},"end":{}}],"line":11},"1":{"loc":{"start":{"line":29,"column":10},"end":{"line":29,"column":18}},"type":"default-arg","locations":[{"start":{"line":29,"column":17},"end":{"line":29,"column":18}}],"line":29},"2":{"loc":{"start":{"line":29,"column":20},"end":{"line":29,"column":28}},"type":"default-arg","locations":[{"start":{"line":29,"column":27},"end":{"line":29,"column":28}}],"line":29},"3":{"loc":{"start":{"line":32,"column":2},"end":{"line":34,"column":3}},"type":"if","locations":[{"start":{"line":32,"column":2},"end":{"line":34,"column":3}},{"start":{},"end":{}}],"line":32},"4":{"loc":{"start":{"line":55,"column":2},"end":{"line":57,"column":3}},"type":"if","locations":[{"start":{"line":55,"column":2},"end":{"line":57,"column":3}},{"start":{},"end":{}}],"line":55},"5":{"loc":{"start":{"line":69,"column":2},"end":{"line":71,"column":3}},"type":"if","locations":[{"start":{"line":69,"column":2},"end":{"line":71,"column":3}},{"start":{},"end":{}}],"line":69},"6":{"loc":{"start":{"line":73,"column":20},"end":{"line":73,"column":39}},"type":"default-arg","locations":[{"start":{"line":73,"column":32},"end":{"line":73,"column":39}}],"line":73},"7":{"loc":{"start":{"line":74,"column":2},"end":{"line":76,"column":3}},"type":"if","locations":[{"start":{"line":74,"column":2},"end":{"line":76,"column":3}},{"start":{},"end":{}}],"line":74},"8":{"loc":{"start":{"line":74,"column":6},"end":{"line":74,"column":18}},"type":"binary-expr","locations":[{"start":{"line":74,"column":6},"end":{"line":74,"column":11}},{"start":{"line":74,"column":15},"end":{"line":74,"column":18}}],"line":74},"9":{"loc":{"start":{"line":82,"column":2},"end":{"line":89,"column":3}},"type":"if","locations":[{"start":{"line":82,"column":2},"end":{"line":89,"column":3}},{"start":{"line":87,"column":9},"end":{"line":89,"column":3}}],"line":82},"10":{"loc":{"start":{"line":84,"column":4},"end":{"line":86,"column":5}},"type":"if","locations":[{"start":{"line":84,"column":4},"end":{"line":86,"column":5}},{"start":{},"end":{}}],"line":84},"11":{"loc":{"start":{"line":91,"column":2},"end":{"line":98,"column":3}},"type":"if","locations":[{"start":{"line":91,"column":2},"end":{"line":98,"column":3}},{"start":{"line":96,"column":9},"end":{"line":98,"column":3}}],"line":91},"12":{"loc":{"start":{"line":93,"column":4},"end":{"line":95,"column":5}},"type":"if","locations":[{"start":{"line":93,"column":4},"end":{"line":95,"column":5}},{"start":{},"end":{}}],"line":93},"13":{"loc":{"start":{"line":102,"column":2},"end":{"line":104,"column":3}},"type":"if","locations":[{"start":{"line":102,"column":2},"end":{"line":104,"column":3}},{"start":{},"end":{}}],"line":102},"14":{"loc":{"start":{"line":114,"column":18},"end":{"line":114,"column":48}},"type":"binary-expr","locations":[{"start":{"line":114,"column":18},"end":{"line":114,"column":40}},{"start":{"line":114,"column":44},"end":{"line":114,"column":48}}],"line":114},"15":{"loc":{"start":{"line":127,"column":2},"end":{"line":129,"column":3}},"type":"if","locations":[{"start":{"line":127,"column":2},"end":{"line":129,"column":3}},{"start":{},"end":{}}],"line":127},"16":{"loc":{"start":{"line":134,"column":2},"end":{"line":143,"column":3}},"type":"if","locations":[{"start":{"line":134,"column":2},"end":{"line":143,"column":3}},{"start":{"line":140,"column":9},"end":{"line":143,"column":3}}],"line":134},"17":{"loc":{"start":{"line":136,"column":4},"end":{"line":138,"column":5}},"type":"if","locations":[{"start":{"line":136,"column":4},"end":{"line":138,"column":5}},{"start":{},"end":{}}],"line":136},"18":{"loc":{"start":{"line":145,"column":2},"end":{"line":147,"column":3}},"type":"if","locations":[{"start":{"line":145,"column":2},"end":{"line":147,"column":3}},{"start":{},"end":{}}],"line":145},"19":{"loc":{"start":{"line":145,"column":6},"end":{"line":145,"column":44}},"type":"binary-expr","locations":[{"start":{"line":145,"column":6},"end":{"line":145,"column":23}},{"start":{"line":145,"column":27},"end":{"line":145,"column":44}}],"line":145},"20":{"loc":{"start":{"line":150,"column":2},"end":{"line":152,"column":3}},"type":"if","locations":[{"start":{"line":150,"column":2},"end":{"line":152,"column":3}},{"start":{},"end":{}}],"line":150}},"s":{"0":1,"1":1,"2":1,"3":1,"4":13,"5":3,"6":10,"7":16,"8":1,"9":15,"10":15,"11":15,"12":1,"13":14,"14":14,"15":14,"16":14,"17":0,"18":1,"19":3,"20":3,"21":2,"22":1,"23":1,"24":6,"25":6,"26":1,"27":5,"28":5,"29":1,"30":4,"31":3,"32":3,"33":1,"34":1,"35":3,"36":2,"37":2,"38":0,"39":1,"40":3,"41":3,"42":1,"43":2,"44":2,"45":1,"46":4,"47":4,"48":0,"49":4,"50":4,"51":4,"52":3,"53":3,"54":1,"55":2,"56":1,"57":1,"58":3,"59":0,"60":3,"61":3,"62":1,"63":2,"64":2,"65":4,"66":2,"67":1,"68":1,"69":1,"70":1},"f":{"0":13,"1":16,"2":15,"3":3,"4":6,"5":4,"6":4,"7":1},"b":{"0":[3,10],"1":[13],"2":[13],"3":[1,14],"4":[2,1],"5":[1,5],"6":[5],"7":[1,4],"8":[5,4],"9":[3,1],"10":[1,2],"11":[2,1],"12":[0,2],"13":[1,2],"14":[2,2],"15":[0,4],"16":[3,1],"17":[1,2],"18":[0,3],"19":[3,3],"20":[1,2]},"_coverageSchema":"1a1c01bbd47fc00a2c39e90264f33305004495a9","hash":"8bec117b62147afc4c871ea362ba60c35fa71097"}
}
