TN:
SF:src/app.js
FN:26,(anonymous_0)
FN:31,(anonymous_1)
FNF:2
FNH:2
FNDA:1,(anonymous_0)
FNDA:1,(anonymous_1)
DA:1,1
DA:2,1
DA:4,1
DA:6,1
DA:9,1
DA:12,1
DA:23,1
DA:26,1
DA:27,1
DA:31,1
DA:32,1
DA:45,1
LF:12
LH:12
BRDA:13,0,0,1
BRDA:13,0,1,1
BRF:2
BRH:2
end_of_record
TN:
SF:src/server.js
FN:5,(anonymous_0)
FNF:1
FNH:0
FNDA:0,(anonymous_0)
DA:1,0
DA:3,0
DA:5,0
DA:6,0
DA:7,0
DA:8,0
LF:6
LH:0
BRDA:3,0,0,0
BRDA:3,0,1,0
BRF:2
BRH:0
end_of_record
TN:
SF:src/engine/Board.js
FN:17,(anonymous_0)
FN:20,(anonymous_1)
FN:29,(anonymous_2)
FN:50,(anonymous_3)
FN:90,(anonymous_4)
FN:98,(anonymous_5)
FN:106,(anonymous_6)
FN:120,(anonymous_7)
FN:131,(anonymous_8)
FN:148,(anonymous_9)
FN:165,(anonymous_10)
FN:183,(anonymous_11)
FN:184,(anonymous_12)
FN:184,(anonymous_13)
FN:193,(anonymous_14)
FN:209,(anonymous_15)
FN:218,(anonymous_16)
FN:229,(anonymous_17)
FN:234,(anonymous_18)
FNF:19
FNH:19
FNDA:344,(anonymous_0)
FNDA:2752,(anonymous_1)
FNDA:107,(anonymous_2)
FNDA:49,(anonymous_3)
FNDA:37873,(anonymous_4)
FNDA:17184,(anonymous_5)
FNDA:379,(anonymous_6)
FNDA:270,(anonymous_7)
FNDA:275,(anonymous_8)
FNDA:314,(anonymous_9)
FNDA:224,(anonymous_10)
FNDA:19,(anonymous_11)
FNDA:152,(anonymous_12)
FNDA:1216,(anonymous_13)
FNDA:13,(anonymous_14)
FNDA:660,(anonymous_15)
FNDA:14,(anonymous_16)
FNDA:19,(anonymous_17)
FNDA:1216,(anonymous_18)
DA:1,5
DA:2,5
DA:3,5
DA:4,5
DA:5,5
DA:6,5
DA:7,5
DA:18,344
DA:19,344
DA:20,2752
DA:30,107
DA:31,1
DA:33,106
DA:34,1
DA:36,105
DA:37,3
DA:43,102
DA:51,49
DA:52,49
DA:53,0
DA:57,49
DA:58,49
DA:59,49
DA:60,49
DA:61,49
DA:62,49
DA:63,49
DA:64,49
DA:67,49
DA:68,392
DA:72,49
DA:73,392
DA:77,49
DA:78,49
DA:79,49
DA:80,49
DA:81,49
DA:82,49
DA:83,49
DA:84,49
DA:91,37873
DA:99,17184
DA:100,17184
DA:107,379
DA:108,379
DA:110,379
DA:111,379
DA:121,270
DA:122,270
DA:123,270
DA:132,275
DA:133,1470
DA:134,10943
DA:135,10943
DA:136,274
DA:140,1
DA:149,314
DA:150,314
DA:151,2512
DA:152,20096
DA:153,20096
DA:154,4077
DA:158,314
DA:166,224
DA:167,224
DA:168,1792
DA:169,14336
DA:170,14336
DA:171,5853
DA:172,5853
DA:173,5853
DA:177,224
DA:184,1216
DA:185,19
DA:194,13
DA:195,13
DA:196,104
DA:197,832
DA:198,832
DA:199,416
DA:203,13
DA:210,660
DA:211,660
DA:212,660
DA:219,14
DA:220,12
DA:221,12
DA:222,12
DA:223,9
DA:230,19
DA:231,19
DA:232,19
DA:233,152
DA:234,1216
DA:235,152
DA:237,19
DA:238,19
DA:242,5
LF:98
LH:97
BRDA:30,0,0,1
BRDA:30,0,1,106
BRDA:30,1,0,107
BRDA:30,1,1,106
BRDA:33,2,0,1
BRDA:33,2,1,105
BRDA:33,3,0,106
BRDA:33,3,1,105
BRDA:36,4,0,3
BRDA:36,4,1,102
BRDA:36,5,0,105
BRDA:36,5,1,102
BRDA:52,6,0,0
BRDA:52,6,1,49
BRDA:91,7,0,37873
BRDA:91,7,1,35090
BRDA:91,7,2,33208
BRDA:91,7,3,32323
BRDA:99,8,0,0
BRDA:99,8,1,17184
BRDA:108,9,0,379
BRDA:108,9,1,0
BRDA:135,10,0,274
BRDA:135,10,1,10669
BRDA:135,11,0,10943
BRDA:135,11,1,4195
BRDA:135,11,2,446
BRDA:153,12,0,4077
BRDA:153,12,1,16019
BRDA:153,13,0,20096
BRDA:153,13,1,8147
BRDA:170,14,0,5853
BRDA:170,14,1,8483
BRDA:184,15,0,608
BRDA:184,15,1,608
BRDA:198,16,0,416
BRDA:198,16,1,416
BRDA:219,17,0,2
BRDA:219,17,1,12
BRDA:219,18,0,14
BRDA:219,18,1,12
BRDA:222,19,0,3
BRDA:222,19,1,9
BRDA:222,20,0,12
BRDA:222,20,1,9
BRDA:222,20,2,9
BRDA:222,20,3,9
BRDA:234,21,0,608
BRDA:234,21,1,608
BRF:49
BRH:46
end_of_record
TN:
SF:src/engine/Game.js
FN:14,(anonymous_0)
FN:33,(anonymous_1)
FN:40,(anonymous_2)
FN:57,(anonymous_3)
FN:86,(anonymous_4)
FN:113,(anonymous_5)
FN:172,(anonymous_6)
FN:200,(anonymous_7)
FN:218,(anonymous_8)
FN:228,(anonymous_9)
FN:242,(anonymous_10)
FN:267,(anonymous_11)
FN:276,(anonymous_12)
FN:282,(anonymous_13)
FN:302,(anonymous_14)
FN:327,(anonymous_15)
FN:344,(anonymous_16)
FNF:17
FNH:17
FNDA:39,(anonymous_0)
FNDA:35,(anonymous_1)
FNDA:4,(anonymous_2)
FNDA:38,(anonymous_3)
FNDA:67,(anonymous_4)
FNDA:32,(anonymous_5)
FNDA:2,(anonymous_6)
FNDA:1,(anonymous_7)
FNDA:2,(anonymous_8)
FNDA:32,(anonymous_9)
FNDA:32,(anonymous_10)
FNDA:32,(anonymous_11)
FNDA:18,(anonymous_12)
FNDA:2,(anonymous_13)
FNDA:18,(anonymous_14)
FNDA:18,(anonymous_15)
FNDA:12,(anonymous_16)
DA:1,2
DA:2,2
DA:3,2
DA:15,39
DA:16,39
DA:17,1
DA:20,38
DA:21,38
DA:22,38
DA:23,38
DA:24,38
DA:25,38
DA:26,38
DA:27,38
DA:34,35
DA:41,4
DA:42,4
DA:43,4
DA:45,3
DA:59,38
DA:60,1
DA:64,37
DA:65,1
DA:69,36
DA:70,36
DA:71,1
DA:75,35
DA:76,1
DA:80,34
DA:86,67
DA:87,34
DA:88,2
DA:92,32
DA:93,32
DA:94,0
DA:98,32
DA:101,32
DA:104,32
DA:106,32
DA:114,32
DA:115,32
DA:116,32
DA:126,32
DA:127,2
DA:128,2
DA:129,30
DA:135,1
DA:136,1
DA:137,1
DA:143,29
DA:144,1
DA:146,29
DA:147,29
DA:148,29
DA:152,32
DA:155,32
DA:156,27
DA:157,27
DA:158,2
DA:159,2
DA:160,2
DA:164,32
DA:165,32
DA:173,2
DA:175,2
DA:177,1
DA:178,1
DA:179,1
DA:180,1
DA:181,1
DA:182,1
DA:183,1
DA:186,1
DA:187,1
DA:188,1
DA:189,1
DA:190,1
DA:191,1
DA:192,1
DA:201,1
DA:202,1
DA:204,1
DA:205,1
DA:208,1
DA:209,1
DA:210,1
DA:211,1
DA:219,2
DA:220,2
DA:221,2
DA:229,32
DA:231,20
DA:232,20
DA:234,12
DA:243,32
DA:244,32
DA:250,32
DA:251,2
DA:252,2
DA:253,30
DA:254,0
DA:255,0
DA:256,30
DA:257,0
DA:259,30
DA:268,32
DA:269,32
DA:270,32
DA:277,18
DA:282,2
DA:303,18
DA:304,18
DA:305,144
DA:306,144
DA:307,1152
DA:308,1152
DA:309,576
DA:316,576
DA:319,144
DA:321,18
DA:328,18
DA:345,12
DA:346,12
DA:347,12
DA:348,12
DA:349,12
DA:350,12
DA:351,12
DA:352,12
DA:353,12
DA:357,2
LF:131
LH:127
BRDA:14,0,0,23
BRDA:14,1,0,23
BRDA:16,2,0,1
BRDA:16,2,1,38
BRDA:34,3,0,25
BRDA:34,3,1,10
BRDA:42,4,0,0
BRDA:42,4,1,4
BRDA:43,5,0,1
BRDA:43,5,1,3
BRDA:57,6,0,34
BRDA:59,7,0,1
BRDA:59,7,1,37
BRDA:59,8,0,38
BRDA:59,8,1,37
BRDA:64,9,0,1
BRDA:64,9,1,36
BRDA:64,10,0,37
BRDA:64,10,1,37
BRDA:70,11,0,1
BRDA:70,11,1,35
BRDA:75,12,0,1
BRDA:75,12,1,34
BRDA:86,13,0,67
BRDA:86,13,1,37
BRDA:87,14,0,2
BRDA:87,14,1,32
BRDA:93,15,0,0
BRDA:93,15,1,32
BRDA:120,16,0,1
BRDA:120,16,1,31
BRDA:126,17,0,2
BRDA:126,17,1,30
BRDA:126,18,0,32
BRDA:126,18,1,2
BRDA:128,19,0,1
BRDA:128,19,1,1
BRDA:129,20,0,1
BRDA:129,20,1,29
BRDA:130,21,0,30
BRDA:130,21,1,27
BRDA:130,21,2,11
BRDA:130,21,3,1
BRDA:137,22,0,0
BRDA:137,22,1,1
BRDA:143,23,0,1
BRDA:143,23,1,28
BRDA:155,24,0,27
BRDA:155,24,1,5
BRDA:156,25,0,19
BRDA:156,25,1,8
BRDA:157,26,0,2
BRDA:157,26,1,25
BRDA:175,27,0,1
BRDA:175,27,1,1
BRDA:204,28,0,1
BRDA:204,28,1,0
BRDA:229,29,0,20
BRDA:229,29,1,12
BRDA:229,30,0,32
BRDA:229,30,1,27
BRDA:250,31,0,2
BRDA:250,31,1,30
BRDA:250,32,0,32
BRDA:250,32,1,2
BRDA:253,33,0,0
BRDA:253,33,1,30
BRDA:253,34,0,30
BRDA:253,34,1,30
BRDA:256,35,0,0
BRDA:256,35,1,30
BRDA:286,36,0,0
BRDA:286,36,1,2
BRDA:288,37,0,2
BRDA:288,37,1,2
BRDA:291,38,0,2
BRDA:291,38,1,16
BRDA:308,39,0,576
BRDA:308,39,1,576
BRDA:350,40,0,12
BRDA:350,40,1,0
BRDA:351,41,0,12
BRDA:351,41,1,10
BRDA:352,42,0,12
BRDA:352,42,1,0
BRF:85
BRH:76
end_of_record
TN:
SF:src/engine/MoveValidator.js
FN:11,(anonymous_0)
FN:38,(anonymous_1)
FN:62,(anonymous_2)
FN:97,(anonymous_3)
FN:138,(anonymous_4)
FN:165,(anonymous_5)
FN:187,(anonymous_6)
FN:202,(anonymous_7)
FNF:8
FNH:8
FNDA:272,(anonymous_0)
FNDA:6,(anonymous_1)
FNDA:222,(anonymous_2)
FNDA:130,(anonymous_3)
FNDA:5,(anonymous_4)
FNDA:36,(anonymous_5)
FNDA:3,(anonymous_6)
FNDA:3,(anonymous_7)
DA:12,272
DA:13,272
DA:15,272
DA:16,272
DA:18,272
DA:19,3509
DA:20,3509
DA:21,6713
DA:22,75
DA:27,197
DA:39,6
DA:40,6
DA:41,37
DA:42,37
DA:43,78
DA:44,2
DA:48,4
DA:63,222
DA:64,222
DA:66,222
DA:67,222
DA:70,222
DA:77,2
DA:81,222
DA:82,222
DA:84,222
DA:98,130
DA:99,130
DA:101,130
DA:102,130
DA:104,130
DA:106,222
DA:107,5
DA:108,2
DA:113,220
DA:121,156
DA:125,130
DA:139,5
DA:142,5
DA:143,1
DA:147,4
DA:148,4
DA:150,4
DA:151,1
DA:155,3
DA:166,36
DA:167,36
DA:168,88
DA:174,88
DA:176,4
DA:188,3
DA:203,3
DA:210,3
LF:53
LH:53
BRDA:13,0,0,0
BRDA:13,0,1,272
BRDA:15,1,0,177
BRDA:15,1,1,95
BRDA:21,2,0,75
BRDA:21,2,1,6638
BRDA:21,3,0,6713
BRDA:21,3,1,185
BRDA:43,4,0,2
BRDA:43,4,1,76
BRDA:43,5,0,78
BRDA:43,5,1,6
BRDA:64,6,0,0
BRDA:64,6,1,222
BRDA:70,7,0,2
BRDA:70,7,1,220
BRDA:71,8,0,222
BRDA:71,8,1,111
BRDA:71,8,2,34
BRDA:71,8,3,4
BRDA:99,9,0,0
BRDA:99,9,1,130
BRDA:106,10,0,5
BRDA:106,10,1,217
BRDA:106,11,0,222
BRDA:106,11,1,39
BRDA:107,12,0,2
BRDA:107,12,1,3
BRDA:113,13,0,156
BRDA:113,13,1,64
BRDA:139,14,0,5
BRDA:139,14,1,0
BRDA:142,15,0,1
BRDA:142,15,1,4
BRDA:147,16,0,3
BRDA:147,16,1,1
BRDA:150,17,0,1
BRDA:150,17,1,3
BRDA:174,18,0,32
BRDA:174,18,1,56
BRDA:189,19,0,3
BRDA:189,19,1,2
BRDA:204,20,0,3
BRDA:204,20,1,2
BRF:44
BRH:40
end_of_record
TN:
SF:src/engine/pieces/Bishop.js
FN:4,(anonymous_0)
FN:8,(anonymous_1)
FN:12,(anonymous_2)
FN:17,(anonymous_3)
FNF:4
FNH:4
FNDA:1366,(anonymous_0)
FNDA:148,(anonymous_1)
FNDA:437,(anonymous_2)
FNDA:1748,(anonymous_3)
DA:1,5
DA:5,1366
DA:9,148
DA:13,437
DA:17,1748
DA:21,5
LF:6
LH:6
BRDA:9,0,0,74
BRDA:9,0,1,74
BRF:2
BRH:2
end_of_record
TN:
SF:src/engine/pieces/King.js
FN:4,(anonymous_0)
FN:8,(anonymous_1)
FN:12,(anonymous_2)
FNF:3
FNH:3
FNDA:1095,(anonymous_0)
FNDA:74,(anonymous_1)
FNDA:285,(anonymous_2)
DA:1,5
DA:5,1095
DA:9,74
DA:13,285
DA:14,285
DA:21,285
DA:22,2280
DA:23,2280
DA:24,2280
DA:25,1353
DA:26,1353
DA:27,441
DA:33,285
DA:35,275
DA:36,275
DA:44,5
DA:48,275
DA:49,275
DA:58,8
DA:62,285
DA:66,5
LF:21
LH:21
BRDA:9,0,0,37
BRDA:9,0,1,37
BRDA:24,1,0,1353
BRDA:24,1,1,927
BRDA:26,2,0,441
BRDA:26,2,1,912
BRDA:26,3,0,1353
BRDA:26,3,1,912
BRDA:33,4,0,275
BRDA:33,4,1,10
BRDA:36,5,0,5
BRDA:36,5,1,270
BRDA:37,6,0,275
BRDA:37,6,1,223
BRDA:37,6,2,221
BRDA:37,6,3,221
BRDA:37,6,4,220
BRDA:37,6,5,5
BRDA:49,7,0,8
BRDA:49,7,1,267
BRDA:50,8,0,275
BRDA:50,8,1,261
BRDA:50,8,2,220
BRDA:50,8,3,218
BRDA:50,8,4,218
BRDA:50,8,5,11
BRDA:50,8,6,8
BRF:27
BRH:27
end_of_record
TN:
SF:src/engine/pieces/Knight.js
FN:4,(anonymous_0)
FN:8,(anonymous_1)
FN:12,(anonymous_2)
FNF:3
FNH:3
FNDA:1401,(anonymous_0)
FNDA:148,(anonymous_1)
FNDA:460,(anonymous_2)
DA:1,5
DA:5,1401
DA:9,148
DA:13,460
DA:14,460
DA:19,460
DA:20,3680
DA:21,3680
DA:23,3680
DA:24,1411
DA:25,1411
DA:26,1064
DA:31,460
DA:35,5
LF:14
LH:14
BRDA:9,0,0,74
BRDA:9,0,1,74
BRDA:23,1,0,1411
BRDA:23,1,1,2269
BRDA:25,2,0,1064
BRDA:25,2,1,347
BRDA:25,3,0,1411
BRDA:25,3,1,352
BRF:8
BRH:8
end_of_record
TN:
SF:src/engine/pieces/Pawn.js
FN:4,(anonymous_0)
FN:8,(anonymous_1)
FN:15,(anonymous_2)
FN:22,(anonymous_3)
FN:29,(anonymous_4)
FN:33,(anonymous_5)
FNF:6
FNH:5
FNDA:5851,(anonymous_0)
FNDA:592,(anonymous_1)
FNDA:1791,(anonymous_2)
FNDA:1771,(anonymous_3)
FNDA:0,(anonymous_4)
FNDA:1791,(anonymous_5)
DA:1,5
DA:5,5851
DA:9,592
DA:16,1791
DA:23,1771
DA:30,0
DA:34,1791
DA:35,1791
DA:36,1791
DA:37,1791
DA:40,1791
DA:41,1771
DA:44,1771
DA:45,1771
DA:46,1771
DA:51,1585
DA:56,1791
DA:57,3582
DA:58,3582
DA:59,3146
DA:60,3146
DA:61,91
DA:65,3146
DA:70,4
DA:75,1791
DA:79,5
LF:26
LH:25
BRDA:9,0,0,296
BRDA:9,0,1,296
BRDA:16,1,0,775
BRDA:16,1,1,1016
BRDA:23,2,0,765
BRDA:23,2,1,1006
BRDA:30,3,0,0
BRDA:30,3,1,0
BRDA:40,4,0,1771
BRDA:40,4,1,20
BRDA:40,5,0,1791
BRDA:40,5,1,1791
BRDA:46,6,0,1585
BRDA:46,6,1,186
BRDA:47,7,0,1771
BRDA:47,7,1,1602
BRDA:47,7,2,1602
BRDA:58,8,0,3146
BRDA:58,8,1,436
BRDA:60,9,0,91
BRDA:60,9,1,3055
BRDA:60,10,0,3146
BRDA:60,10,1,108
BRDA:65,11,0,4
BRDA:65,11,1,3142
BRDA:66,12,0,3146
BRDA:66,12,1,38
BRDA:66,12,2,8
BRF:28
BRH:26
end_of_record
TN:
SF:src/engine/pieces/Piece.js
FN:11,(anonymous_0)
FN:22,(anonymous_1)
FN:30,(anonymous_2)
FN:41,(anonymous_3)
FN:53,(anonymous_4)
FN:79,(anonymous_5)
FNF:6
FNH:3
FNDA:7962,(anonymous_0)
FNDA:0,(anonymous_1)
FNDA:0,(anonymous_2)
FNDA:0,(anonymous_3)
FNDA:5588,(anonymous_4)
FNDA:643,(anonymous_5)
DA:12,7962
DA:13,7962
DA:14,7962
DA:15,7962
DA:23,0
DA:31,0
DA:42,0
DA:54,5588
DA:55,5588
DA:56,5588
DA:58,5588
DA:59,4828
DA:60,4828
DA:61,2085
DA:63,2743
DA:64,210
DA:66,2743
DA:68,2085
DA:69,2085
DA:72,5588
DA:80,643
DA:90,5
LF:22
LH:19
BRDA:60,0,0,2085
BRDA:60,0,1,2743
BRDA:63,1,0,210
BRDA:63,1,1,2533
BRF:4
BRH:4
end_of_record
TN:
SF:src/engine/pieces/PieceFactory.js
FN:27,(anonymous_0)
FN:45,(anonymous_1)
FNF:2
FNH:2
FNDA:418,(anonymous_0)
FNDA:5857,(anonymous_1)
DA:1,5
DA:2,5
DA:3,5
DA:4,5
DA:5,5
DA:6,5
DA:8,5
DA:28,418
DA:29,418
DA:30,1
DA:32,417
DA:33,417
DA:34,417
DA:46,5857
DA:47,5857
DA:48,1
DA:50,5856
DA:54,5
LF:18
LH:18
BRDA:29,0,0,1
BRDA:29,0,1,417
BRDA:33,1,0,417
BRDA:33,1,1,414
BRDA:47,2,0,1
BRDA:47,2,1,5856
BRF:6
BRH:6
end_of_record
TN:
SF:src/engine/pieces/Queen.js
FN:4,(anonymous_0)
FN:8,(anonymous_1)
FN:12,(anonymous_2)
FN:18,(anonymous_3)
FNF:4
FNH:4
FNDA:795,(anonymous_0)
FNDA:74,(anonymous_1)
FNDA:226,(anonymous_2)
FNDA:1808,(anonymous_3)
DA:1,5
DA:5,795
DA:9,74
DA:13,226
DA:18,1808
DA:22,5
LF:6
LH:6
BRDA:9,0,0,37
BRDA:9,0,1,37
BRF:2
BRH:2
end_of_record
TN:
SF:src/engine/pieces/Rook.js
FN:4,(anonymous_0)
FN:8,(anonymous_1)
FN:12,(anonymous_2)
FN:17,(anonymous_3)
FNF:4
FNH:4
FNDA:1851,(anonymous_0)
FNDA:148,(anonymous_1)
FNDA:508,(anonymous_2)
FNDA:2032,(anonymous_3)
DA:1,5
DA:5,1851
DA:9,148
DA:13,508
DA:17,2032
DA:21,5
LF:6
LH:6
BRDA:9,0,0,74
BRDA:9,0,1,74
BRF:2
BRH:2
end_of_record
TN:
SF:src/routes/gameRoutes.js
FN:10,getGameFromSession
FN:18,saveGameToSession
FN:28,(anonymous_2)
FN:53,(anonymous_3)
FN:67,(anonymous_4)
FN:125,(anonymous_5)
FN:155,(anonymous_6)
FN:172,(anonymous_7)
FNF:8
FNH:8
FNDA:13,getGameFromSession
FNDA:16,saveGameToSession
FNDA:15,(anonymous_2)
FNDA:3,(anonymous_3)
FNDA:6,(anonymous_4)
FNDA:4,(anonymous_5)
FNDA:4,(anonymous_6)
FNDA:1,(anonymous_7)
DA:1,1
DA:2,1
DA:3,1
DA:5,1
DA:11,13
DA:12,10
DA:20,16
DA:28,1
DA:29,15
DA:31,15
DA:32,15
DA:33,1
DA:36,14
DA:37,14
DA:38,14
DA:40,14
DA:45,0
DA:53,1
DA:54,3
DA:55,3
DA:56,2
DA:59,1
DA:67,1
DA:68,6
DA:69,6
DA:70,1
DA:73,5
DA:74,5
DA:75,1
DA:82,4
DA:83,3
DA:84,3
DA:85,1
DA:88,1
DA:91,3
DA:92,2
DA:93,2
DA:94,0
DA:97,1
DA:100,3
DA:102,3
DA:103,1
DA:106,2
DA:108,2
DA:125,1
DA:126,4
DA:127,4
DA:128,0
DA:131,4
DA:132,4
DA:134,4
DA:135,3
DA:136,3
DA:137,1
DA:139,2
DA:141,1
DA:142,1
DA:145,3
DA:146,0
DA:149,3
DA:150,3
DA:151,1
DA:154,2
DA:155,4
DA:157,2
DA:172,1
DA:173,1
DA:174,1
DA:177,1
LF:69
LH:65
BRDA:11,0,0,3
BRDA:11,0,1,10
BRDA:29,1,0,13
BRDA:29,2,0,13
BRDA:32,3,0,1
BRDA:32,3,1,14
BRDA:55,4,0,2
BRDA:55,4,1,1
BRDA:69,5,0,1
BRDA:69,5,1,5
BRDA:73,6,0,5
BRDA:74,7,0,1
BRDA:74,7,1,4
BRDA:74,8,0,5
BRDA:74,8,1,4
BRDA:82,9,0,3
BRDA:82,9,1,1
BRDA:84,10,0,1
BRDA:84,10,1,2
BRDA:91,11,0,2
BRDA:91,11,1,1
BRDA:93,12,0,0
BRDA:93,12,1,2
BRDA:102,13,0,1
BRDA:102,13,1,2
BRDA:114,14,0,2
BRDA:114,14,1,2
BRDA:127,15,0,0
BRDA:127,15,1,4
BRDA:134,16,0,3
BRDA:134,16,1,1
BRDA:136,17,0,1
BRDA:136,17,1,2
BRDA:145,18,0,0
BRDA:145,18,1,3
BRDA:145,19,0,3
BRDA:145,19,1,3
BRDA:150,20,0,1
BRDA:150,20,1,2
BRF:39
BRH:36
end_of_record
